[INFO] Scanning for projects...
[INFO] 
[INFO] --------------------------< org.jsoup:jsoup >---------------------------
[INFO] Building jsoup Java HTML Parser 1.11.3-SNAPSHOT
[INFO] --------------------------------[ jar ]---------------------------------
[INFO] 
[INFO] --- maven-clean-plugin:2.5:clean (default-clean) @ jsoup ---
[INFO] Deleting /tmp/icst-2019/september-2018/dataset/jsoup/target
[INFO] 
[INFO] --- diff-test-selection:0.5-SNAPSHOT:list (default-cli) @ jsoup ---
[INFO] Computing coverage for /tmp/icst-2019/september-2018/dataset/jsoup
[WARN] Maven will be executed in interactive mode, but no input stream has been configured for this MavenInvoker instance.
[INFO] Scanning for projects...
[INFO] 
[INFO] --------------------------< org.jsoup:jsoup >---------------------------
[INFO] Building jsoup Java HTML Parser 1.11.3-SNAPSHOT
[INFO] --------------------------------[ jar ]---------------------------------
[INFO] 
[INFO] --- maven-clean-plugin:2.5:clean (default-clean) @ jsoup ---
[INFO] 
[INFO] --- clover-maven-plugin:4.2.0:setup (default-cli) @ jsoup ---
[INFO] No 'maven.clover.licenseLocation' configured. Using default license.
[INFO] OpenClover Version 4.2.0, built on April 30 2017 (build-1000)
[INFO] Loaded from: /home/spirals/danglot/.m2/repository/org/openclover/clover/4.2.0/clover-4.2.0.jar
[INFO] Clover free edition.
[INFO] Creating new database at '/tmp/icst-2019/september-2018/dataset/jsoup/target/clover/clover.db'.
[INFO] Processing files at 1.8 source level.
[INFO] Clover all over. Instrumented 67 files (8 packages).
[INFO] Elapsed time = 2.748 secs. (24.381 files/sec, 6,580.058 srclines/sec)
[INFO] OpenClover Version 4.2.0, built on April 30 2017 (build-1000)
[INFO] Loaded from: /home/spirals/danglot/.m2/repository/org/openclover/clover/4.2.0/clover-4.2.0.jar
[INFO] Clover free edition.
[INFO] Updating existing database at '/tmp/icst-2019/september-2018/dataset/jsoup/target/clover/clover.db'.
[INFO] Processing files at 1.8 source level.
[INFO] Clover all over. Instrumented 45 files (9 packages).
[INFO] 701 test methods detected.
[INFO] Elapsed time = 1.432 secs. (31.425 files/sec, 6,763.268 srclines/sec)
[INFO] 
[INFO] --- maven-resources-plugin:3.0.1:resources (default-resources) @ jsoup ---
[INFO] Using 'UTF-8' encoding to copy filtered resources.
[INFO] Copying 0 resource
[INFO] Copying 3 resources to META-INF/
[INFO] Copying 1 resource
[INFO] 
[INFO] --- maven-compiler-plugin:3.5.1:compile (default-compile) @ jsoup ---
[INFO] Changes detected - recompiling the module!
[INFO] Compiling 67 source files to /tmp/icst-2019/september-2018/dataset/jsoup/target/classes
[INFO] /tmp/icst-2019/september-2018/dataset/jsoup/target/clover/src-instrumented/org/jsoup/nodes/Attributes.java: Some input files use or override a deprecated API.
[INFO] /tmp/icst-2019/september-2018/dataset/jsoup/target/clover/src-instrumented/org/jsoup/nodes/Attributes.java: Recompile with -Xlint:deprecation for details.
[INFO] 
[INFO] --- animal-sniffer-maven-plugin:1.16:check (animal-sniffer) @ jsoup ---
[INFO] Checking unresolved references to net.sf.androidscents.signature:android-api-level-8:2.2_r3
[INFO] 
[INFO] >>> maven-bundle-plugin:2.5.4:manifest (bundle-manifest) > process-classes @ jsoup >>>
[INFO] 
[INFO] --- maven-resources-plugin:3.0.1:resources (default-resources) @ jsoup ---
[INFO] Using 'UTF-8' encoding to copy filtered resources.
[INFO] Copying 0 resource
[INFO] Copying 3 resources to META-INF/
[INFO] Copying 1 resource
[INFO] 
[INFO] --- maven-compiler-plugin:3.5.1:compile (default-compile) @ jsoup ---
[INFO] Changes detected - recompiling the module!
[INFO] Compiling 67 source files to /tmp/icst-2019/september-2018/dataset/jsoup/target/classes
[INFO] /tmp/icst-2019/september-2018/dataset/jsoup/target/clover/src-instrumented/org/jsoup/nodes/Attributes.java: Some input files use or override a deprecated API.
[INFO] /tmp/icst-2019/september-2018/dataset/jsoup/target/clover/src-instrumented/org/jsoup/nodes/Attributes.java: Recompile with -Xlint:deprecation for details.
[INFO] 
[INFO] --- animal-sniffer-maven-plugin:1.16:check (animal-sniffer) @ jsoup ---
[INFO] Checking unresolved references to net.sf.androidscents.signature:android-api-level-8:2.2_r3
[INFO] 
[INFO] <<< maven-bundle-plugin:2.5.4:manifest (bundle-manifest) < process-classes @ jsoup <<<
[INFO] 
[INFO] 
[INFO] --- maven-bundle-plugin:2.5.4:manifest (bundle-manifest) @ jsoup ---
[INFO] 
[INFO] --- maven-resources-plugin:3.0.1:testResources (default-testResources) @ jsoup ---
[INFO] Using 'UTF-8' encoding to copy filtered resources.
[INFO] Copying 25 resources
[INFO] 
[INFO] --- maven-compiler-plugin:3.5.1:testCompile (default-testCompile) @ jsoup ---
[INFO] Changes detected - recompiling the module!
[INFO] Compiling 45 source files to /tmp/icst-2019/september-2018/dataset/jsoup/target/test-classes
[INFO] /tmp/icst-2019/september-2018/dataset/jsoup/target/clover/src-test-instrumented/org/jsoup/parser/AttributeParseTest.java: Some input files use or override a deprecated API.
[INFO] /tmp/icst-2019/september-2018/dataset/jsoup/target/clover/src-test-instrumented/org/jsoup/parser/AttributeParseTest.java: Recompile with -Xlint:deprecation for details.
[INFO] 
[INFO] --- maven-surefire-plugin:2.12.4:test (default-test) @ jsoup ---
[INFO] Surefire report directory: /tmp/icst-2019/september-2018/dataset/jsoup/target/surefire-reports

-------------------------------------------------------
 T E S T S
-------------------------------------------------------
Running org.jsoup.integration.UrlConnectTest
Tests run: 1, Failures: 0, Errors: 0, Skipped: 1, Time elapsed: 0.007 sec
Running org.jsoup.integration.ParseTest
Tests run: 12, Failures: 0, Errors: 0, Skipped: 0, Time elapsed: 1.091 sec
Running org.jsoup.integration.ConnectTest
2018-10-10 15:37:34.875:INFO::main: Logging initialized @1630ms
2018-10-10 15:37:34.933:INFO:oejs.Server:main: jetty-9.2.22.v20170606
2018-10-10 15:37:35.008:INFO:oejs.ServerConnector:main: Started ServerConnector@1e88b3c{HTTP/1.1}{0.0.0.0:45640}
2018-10-10 15:37:35.009:INFO:oejs.Server:main: Started @1764ms
2018-10-10 15:37:36.456:INFO:oejs.ServerConnector:main: Stopped ServerConnector@1e88b3c{HTTP/1.1}{0.0.0.0:0}
Tests run: 25, Failures: 0, Errors: 0, Skipped: 5, Time elapsed: 1.66 sec
Running org.jsoup.helper.HttpConnectionTest
Tests run: 21, Failures: 0, Errors: 0, Skipped: 0, Time elapsed: 0.032 sec
Running org.jsoup.helper.W3CDomTest
Tests run: 5, Failures: 0, Errors: 0, Skipped: 0, Time elapsed: 0.296 sec
Running org.jsoup.helper.StringUtilTest
Tests run: 9, Failures: 0, Errors: 0, Skipped: 0, Time elapsed: 0.011 sec
Running org.jsoup.helper.DataUtilTest
Tests run: 14, Failures: 0, Errors: 0, Skipped: 0, Time elapsed: 0.032 sec
Running org.jsoup.select.QueryParserTest
Tests run: 4, Failures: 0, Errors: 0, Skipped: 0, Time elapsed: 0.005 sec
Running org.jsoup.select.TraversorTest
Tests run: 5, Failures: 0, Errors: 0, Skipped: 0, Time elapsed: 0.01 sec
Running org.jsoup.select.CssTest
Tests run: 17, Failures: 0, Errors: 0, Skipped: 0, Time elapsed: 0.165 sec
Running org.jsoup.select.ElementsTest
Tests run: 34, Failures: 0, Errors: 0, Skipped: 0, Time elapsed: 0.068 sec
Running org.jsoup.select.SelectorTest
Tests run: 62, Failures: 0, Errors: 0, Skipped: 0, Time elapsed: 0.128 sec
Running org.jsoup.nodes.FormElementTest
Tests run: 10, Failures: 0, Errors: 0, Skipped: 0, Time elapsed: 0.018 sec
Running org.jsoup.nodes.AttributeTest
Tests run: 2, Failures: 0, Errors: 0, Skipped: 0, Time elapsed: 0.004 sec
Running org.jsoup.nodes.ElementTest
Tests run: 91, Failures: 0, Errors: 0, Skipped: 0, Time elapsed: 0.154 sec
Running org.jsoup.nodes.AttributesTest
Tests run: 8, Failures: 0, Errors: 0, Skipped: 0, Time elapsed: 0.005 sec
Running org.jsoup.nodes.DocumentTypeTest
Tests run: 5, Failures: 0, Errors: 0, Skipped: 0, Time elapsed: 0.009 sec
Running org.jsoup.nodes.DocumentTest
Tests run: 29, Failures: 0, Errors: 0, Skipped: 1, Time elapsed: 0.167 sec
Running org.jsoup.nodes.TextNodeTest
Tests run: 6, Failures: 0, Errors: 0, Skipped: 0, Time elapsed: 0.007 sec
Running org.jsoup.nodes.EntitiesTest
Tests run: 15, Failures: 0, Errors: 0, Skipped: 0, Time elapsed: 0.014 sec
Running org.jsoup.nodes.NodeTest
Tests run: 25, Failures: 0, Errors: 0, Skipped: 0, Time elapsed: 0.031 sec
Running org.jsoup.safety.CleanerTest
Tests run: 33, Failures: 0, Errors: 0, Skipped: 0, Time elapsed: 0.103 sec
Running org.jsoup.parser.HtmlTreeBuilderTest
Tests run: 1, Failures: 0, Errors: 0, Skipped: 0, Time elapsed: 0.088 sec
Running org.jsoup.parser.TokeniserStateTest
Tests run: 11, Failures: 0, Errors: 0, Skipped: 0, Time elapsed: 0.043 sec
Running org.jsoup.parser.TokenQueueTest
Tests run: 8, Failures: 0, Errors: 0, Skipped: 0, Time elapsed: 0.007 sec
Running org.jsoup.parser.HtmlParserTest
Tests run: 128, Failures: 1, Errors: 0, Skipped: 1, Time elapsed: 3.809 sec <<< FAILURE!
handlesDeepStack(org.jsoup.parser.HtmlParserTest)  Time elapsed: 3.118 sec  <<< FAILURE!
java.lang.AssertionError
	at org.junit.Assert.fail(Assert.java:86)
	at org.junit.Assert.assertTrue(Assert.java:41)
	at org.junit.Assert.assertTrue(Assert.java:52)
	at org.jsoup.parser.HtmlParserTest.__CLR4_2_0gl9t7cb0v(HtmlParserTest.java:994)
	at org.jsoup.parser.HtmlParserTest.handlesDeepStack(HtmlParserTest.java:974)
	at sun.reflect.NativeMethodAccessorImpl.invoke0(Native Method)
	at sun.reflect.NativeMethodAccessorImpl.invoke(NativeMethodAccessorImpl.java:62)
	at sun.reflect.DelegatingMethodAccessorImpl.invoke(DelegatingMethodAccessorImpl.java:43)
	at java.lang.reflect.Method.invoke(Method.java:498)
	at org.junit.runners.model.FrameworkMethod$1.runReflectiveCall(FrameworkMethod.java:50)
	at org.junit.internal.runners.model.ReflectiveCallable.run(ReflectiveCallable.java:12)
	at org.junit.runners.model.FrameworkMethod.invokeExplosively(FrameworkMethod.java:47)
	at org.junit.internal.runners.statements.InvokeMethod.evaluate(InvokeMethod.java:17)
	at org.junit.runners.ParentRunner.runLeaf(ParentRunner.java:325)
	at org.junit.runners.BlockJUnit4ClassRunner.runChild(BlockJUnit4ClassRunner.java:78)
	at org.junit.runners.BlockJUnit4ClassRunner.runChild(BlockJUnit4ClassRunner.java:57)
	at org.junit.runners.ParentRunner$3.run(ParentRunner.java:290)
	at org.junit.runners.ParentRunner$1.schedule(ParentRunner.java:71)
	at org.junit.runners.ParentRunner.runChildren(ParentRunner.java:288)
	at org.junit.runners.ParentRunner.access$000(ParentRunner.java:58)
	at org.junit.runners.ParentRunner$2.evaluate(ParentRunner.java:268)
	at org.junit.runners.ParentRunner.run(ParentRunner.java:363)
	at org.apache.maven.surefire.junit4.JUnit4Provider.execute(JUnit4Provider.java:252)
	at org.apache.maven.surefire.junit4.JUnit4Provider.executeTestSet(JUnit4Provider.java:141)
	at org.apache.maven.surefire.junit4.JUnit4Provider.invoke(JUnit4Provider.java:112)
	at sun.reflect.NativeMethodAccessorImpl.invoke0(Native Method)
	at sun.reflect.NativeMethodAccessorImpl.invoke(NativeMethodAccessorImpl.java:62)
	at sun.reflect.DelegatingMethodAccessorImpl.invoke(DelegatingMethodAccessorImpl.java:43)
	at java.lang.reflect.Method.invoke(Method.java:498)
	at org.apache.maven.surefire.util.ReflectionUtils.invokeMethodWithArray(ReflectionUtils.java:189)
	at org.apache.maven.surefire.booter.ProviderFactory$ProviderProxy.invoke(ProviderFactory.java:165)
	at org.apache.maven.surefire.booter.ProviderFactory.invokeProvider(ProviderFactory.java:85)
	at org.apache.maven.surefire.booter.ForkedBooter.runSuitesInProcess(ForkedBooter.java:115)
	at org.apache.maven.surefire.booter.ForkedBooter.main(ForkedBooter.java:75)

Running org.jsoup.parser.AttributeParseTest
Tests run: 8, Failures: 0, Errors: 0, Skipped: 0, Time elapsed: 0.007 sec
Running org.jsoup.parser.CharacterReaderTest
Tests run: 22, Failures: 0, Errors: 0, Skipped: 1, Time elapsed: 0.015 sec
Running org.jsoup.parser.TagTest
Tests run: 10, Failures: 0, Errors: 0, Skipped: 0, Time elapsed: 0.009 sec
Running org.jsoup.parser.HtmlTreeBuilderStateTest
Tests run: 1, Failures: 0, Errors: 0, Skipped: 0, Time elapsed: 0.001 sec
Running org.jsoup.parser.TokeniserTest
Tests run: 7, Failures: 0, Errors: 0, Skipped: 0, Time elapsed: 0.083 sec
Running org.jsoup.parser.ParserSettingsTest
Tests run: 3, Failures: 0, Errors: 0, Skipped: 0, Time elapsed: 0.005 sec
Running org.jsoup.parser.XmlTreeBuilderTest
Tests run: 20, Failures: 0, Errors: 0, Skipped: 1, Time elapsed: 0.02 sec
Running org.jsoup.internal.ConstrainableInputStreamTest
Tests run: 1, Failures: 0, Errors: 0, Skipped: 1, Time elapsed: 0 sec

Results :

Failed tests:   handlesDeepStack(org.jsoup.parser.HtmlParserTest)

Tests run: 653, Failures: 1, Errors: 0, Skipped: 11

[INFO] ------------------------------------------------------------------------
[INFO] BUILD FAILURE
[INFO] ------------------------------------------------------------------------
[INFO] Total time: 29.533 s
[INFO] Finished at: 2018-10-10T15:37:41+02:00
[INFO] ------------------------------------------------------------------------
[ERROR] Failed to execute goal org.apache.maven.plugins:maven-surefire-plugin:2.12.4:test (default-test) on project jsoup: There are test failures.
[ERROR] 
[ERROR] Please refer to /tmp/icst-2019/september-2018/dataset/jsoup/target/surefire-reports for the individual test results.
[ERROR] -> [Help 1]
[ERROR] 
[ERROR] To see the full stack trace of the errors, re-run Maven with the -e switch.
[ERROR] Re-run Maven using the -X switch to enable full debug logging.
[ERROR] 
[ERROR] For more information about the errors and possible solutions, please read the following articles:
[ERROR] [Help 1] http://cwiki.apache.org/confluence/display/MAVEN/MojoFailureException
Writing HTML report to '/tmp/icst-2019/september-2018/dataset/jsoup/target/clover/report'
Done. Processed 10 packages in 8849ms (884ms per package).
[INFO] /tmp/icst-2019/september-2018/dataset/jsoup/src/main/java/org/jsoup/helper/DataUtil.java
[INFO] /tmp/icst-2019/september-2018/dataset/jsoup_parent/src/main/java/org/jsoup/helper/DataUtil.java
[info] org.jsoup.helper.DataUtil:264 is modified.
[info] org.jsoup.helper.DataUtil:112 is modified.
[info] org.jsoup.helper.DataUtil:150 is modified.
[info] org.jsoup.helper.DataUtil:251 is modified.
[info] org.jsoup.helper.DataUtil:251 is modified.
[info] org.jsoup.helper.DataUtil:254 is modified.
[info] org.jsoup.helper.DataUtil:254 is modified.
[info] org.jsoup.helper.DataUtil:256 is modified.
[info] org.jsoup.helper.DataUtil:256 is modified.
[info] org.jsoup.helper.DataUtil:151 is modified.
[info] org.jsoup.helper.DataUtil:150 covered.
[info] org.jsoup.helper.DataUtil:256 covered.
[info] org.jsoup.helper.DataUtil:151 covered.
[info] org.jsoup.helper.DataUtil:251 covered.
[info] org.jsoup.helper.DataUtil:254 covered.
[INFO] /tmp/icst-2019/september-2018/dataset/jsoup/src/main/java/org/jsoup/parser/HtmlTreeBuilderState.java
[INFO] /tmp/icst-2019/september-2018/dataset/jsoup_parent/src/main/java/org/jsoup/parser/HtmlTreeBuilderState.java
[info] org.jsoup.parser.HtmlTreeBuilderState:1483 is modified.
[info] org.jsoup.parser.HtmlTreeBuilderState:1488 is modified.
[info] org.jsoup.parser.HtmlTreeBuilderState:1483 is modified.
[info] org.jsoup.parser.HtmlTreeBuilderState:1483 is modified.
[info] org.jsoup.parser.HtmlTreeBuilderState:1484 is modified.
[info] org.jsoup.parser.HtmlTreeBuilderState:1485 is modified.
[info] org.jsoup.parser.HtmlTreeBuilderState:1483 is modified.
[info] org.jsoup.parser.HtmlTreeBuilderState:1484 is modified.
[info] org.jsoup.parser.HtmlTreeBuilderState:1485 is modified.
[info] org.jsoup.parser.HtmlTreeBuilderState:1482 is modified.
[info] org.jsoup.parser.HtmlTreeBuilderState:1486 is modified.
[info] org.jsoup.parser.HtmlTreeBuilderState:1482 is modified.
[info] org.jsoup.parser.HtmlTreeBuilderState:1488 covered.
[info] org.jsoup.parser.HtmlTreeBuilderState:1486 covered.
[info] org.jsoup.parser.HtmlTreeBuilderState:1482 covered.
[INFO] /tmp/icst-2019/september-2018/dataset/jsoup/src/test/java/org/jsoup/helper/DataUtilTest.java
[INFO] /tmp/icst-2019/september-2018/dataset/jsoup_parent/src/test/java/org/jsoup/helper/DataUtilTest.java
[info] org.jsoup.helper.DataUtilTest:162 is modified.
[info] org.jsoup.helper.DataUtilTest:163 is modified.
[info] org.jsoup.helper.DataUtilTest:163 is modified.
[info] org.jsoup.helper.DataUtilTest:164 is modified.
[info] org.jsoup.helper.DataUtilTest:164 is modified.
[info] org.jsoup.helper.DataUtilTest:165 is modified.
[info] org.jsoup.helper.DataUtilTest:165 is modified.
[info] org.jsoup.helper.DataUtilTest:165 is modified.
[info] org.jsoup.helper.DataUtilTest:165 is modified.
[INFO] /tmp/icst-2019/september-2018/dataset/jsoup/src/test/java/org/jsoup/parser/HtmlParserTest.java
[INFO] /tmp/icst-2019/september-2018/dataset/jsoup_parent/src/test/java/org/jsoup/parser/HtmlParserTest.java
[info] org.jsoup.parser.HtmlParserTest:1172 is modified.
[info] org.jsoup.parser.HtmlParserTest:1173 is modified.
[info] org.jsoup.parser.HtmlParserTest:1173 is modified.
[info] org.jsoup.parser.HtmlParserTest:1174 is modified.
[info] org.jsoup.parser.HtmlParserTest:1174 is modified.
[info] org.jsoup.parser.HtmlParserTest:1176 is modified.
[info] org.jsoup.parser.HtmlParserTest:1177 is modified.
[info] org.jsoup.parser.HtmlParserTest:1177 is modified.
[info] org.jsoup.parser.HtmlParserTest:1179 is modified.
[info] org.jsoup.parser.HtmlParserTest:1179 is modified.
[info] org.jsoup.parser.HtmlParserTest:1179 is modified.
[info] org.jsoup.parser.HtmlParserTest:1179 is modified.
[INFO] Saving result in /tmp/icst-2019/september-2018/result/jsoup/commit_5_0f7e0cc/commit_coverage_testsThatExecuteTheChanges.csv ...
[INFO] org.jsoup.nodes.DocumentTest;testLocation;parseAndHtmlOnDifferentThreads;setTextPreservesDocumentStructure;testClone;testHtmlAppendable;DocumentsWithSameContentAreEqual;testXhtmlReferences;testClonesDeclarations;testOutputEncoding;testShiftJisRoundtrip;testTitles;testNormalisesStructure;DocumentsWithSameContentAreVerifialbe;htmlParseDefaultsToHtmlOutputSyntax
org.jsoup.parser.XmlTreeBuilderTest;testDetectCharsetEncodingDeclaration
org.jsoup.parser.HtmlParserTest;testTemplateInsideTable;handlesInputInTable;handlesInvalidDoctypes;selfClosingVoidIsNotAnError;noErrorsByDefault;normalizesDiscordantTags;discardsNakedTds;testFontFlowContents;ignoresContentAfterFrameset;handlesCdata;caseInsensitiveParseTree;testHandlesDeepSpans;testSpanContents;tracksErrorsWhenRequested;parsesQuiteRoughAttributes;testReinsertionModeForThCelss;caseSensitiveParseTree;handlesKnownEmptyTitle;testSpaceAfterTag;handlesUnclosedAnchors;testInvalidTableContents;selfClosingOnNonvoidIsError;handlesUnknownInlineTags;commentBeforeHtml;handlesEscapedData;testFragment;handlesJavadocFont;relaxedBaseEntityMatchAndStrictExtendedMatch;testHgroup;handlesXmlDeclAndCommentsBeforeDoctype;handlesBaseTags;handlesDeepStack;handlesUnknownTags;cdataNodesAreTextNodes;testHeaderContents;reconstructFormattingElements;noTableDirectInTable;handlesManyChildren;handleCDataInText;handlesNullInData;handlesUnclosedFormattingElements;testRelaxedTags;parsesRoughAttributes;parsesBodyFragment;roundTripsCdata;createsStructureFromBodySnippet;tracksLimitedErrorsWhenRequested;handlesUnclosedTitleAtEof;handlesSolidusInA;reconstructFormattingElementsInTable;handlesUnknownNamespaceTags;handlesCdataAcrossBuffer;handlesWhatWgExpensesTableExample;parsesSimpleDocument;testSupportsNonAsciiTags;handlesDataOnlyTags;testAFlowContents;handlesUnexpectedMarkupInTables;handlesNestedImplicitTable;createsDocumentStructure;handlesSolidusAtAttributeEnd;parsesUnterminatedComments;handlesMisnestedTagsBP;handles0CharacterAsText;normalisesDocument;testSupportsPartiallyNonAsciiTags;doesNotFindShortestMatchingEntity;testHtmlLowerCase;handlesControlCodeInAttributeName;handlesInvalidStartTags;handlesKnownEmptyIframe;handlesUnclosedCdataAtEOF;handlesMisnestedTagsBI;handlesUnclosedTitle
org.jsoup.helper.W3CDomTest;convertsGoogleLocation;simpleConversion;convertsGoogle;namespacePreservation
org.jsoup.helper.DataUtilTest;firstMetaElementWithCharsetShouldBeUsedForDecoding;supportsUTF8BOM;supportsBOMinFiles;secondMetaElementWithContentTypeContainsCharsetParameter;discardsSpuriousByteOrderMark;discardsSpuriousByteOrderMarkWhenNoCharsetSet
org.jsoup.integration.ConnectTest;doesGet;doesPost;sendsRequestBody;multiCookieSet;postFiles;doesPut;sendsRequestBodyJsonWithData;sendsRequestBodyWithUrlParams;handlesEmptyStreamDuringParseRead;canConnectToLocalServer;sendsRequestBodyJsonWithoutData;multipleParsesOkAfterBufferUp;parseParseThrowsValidates;fetchURl;supportsDeflate;bodyAfterParseThrowsValidationError;bodyAndBytesAvailableBeforeParse;fetchURIWithWihtespace
org.jsoup.integration.ParseTest;testNewsHomepage;testYahooArticle;testSmhBizArticle;testBaiduVariant;testGoogleSearchIpod;testLowercaseUtf8Charset;testYahooJp;testBrokenHtml5CharsetWithASingleDoubleQuote;testHtml5Charset;testNytArticle;testBaidu;testBinary
org.jsoup.safety.CleanerTest;addsTagOnAttributesIfNotSet;simpleBehaviourTest;preservesRelativeLinksIfConfigured;testRemoveTags;testRelaxed;testRemoveProtocols;testIsValidDocument;testRemoveEnforcedAttributes;basicBehaviourTest;resolvesRelativeLinks;testDropXmlProc;testCleanAnchorProtocol;testDropsUnknownTags;handlesAttributesWithNoValue;testIsValidBodyHtml;supplyOutputSettings;handlesAllPseudoTag;dropsUnresolvableRelativeLinks;testDropComments;simpleBehaviourTest2;cleansInternationalText;testScriptTagInWhiteList;testCleanJavascriptHref;testRemoveAttributes
org.jsoup.select.SelectorTest;containsOwn;testByTag;testByAttributeStarting;testCombinedWithContains;testAllElements;notAll;descendant;matchText;notClass;parentChildStar;matchesOwn;testPseudoContains;testPsuedoContainsWithParentheses;and;testRelaxedTags;testCharactersInIdAndClass;testById;selectFirstWithAnd;testPseudoCombined;selectFirstWithOr;notParas;attributeWithBrackets;splitOnBr;handlesCommasInSelector;deeperDescendant;testAllWithClass;selectFirst;testSupportsLeadingCombinator;containsWithQuote;testNamespacedTag;testWildcardNamespacedTag;testByClassCaseInsensitive;findBetweenSpan;testPseudoEquals;testPseudoGreaterThan;selectSupplementaryCharacter;testPseudoBetween;testNestedHas;selectSameElements;testMatches;testPseudoLessThan;testPseudoHas;matchTextAttributes;multiChildDescent;containsData;selectClassWithSpace
org.jsoup.nodes.ElementTest;testChainedRemoveAttributes;before;testThrowsOnAddNullText;testKeepsPreText;testGetSiblings;testCssPath;testPrependElement;moveByAppend;testFormatOutline;testChildThrowsIndexOutOfBoundsOnMissing;testTagNameSet;testAddNewText;testGetTextNodes;testAddNewHtml;testElementSiblingIndex;testWholeText;testSetIndent;insertChildrenArgumentValidation;testClassDomMethods;testNormalizesInvisiblesInText;testManipulateTextNodes;testWrapWithRemainder;testGetText;testBrHasSpace;testHtmlContainsOuter;testGetElementsWithClass;testGetElementById;testInnerHtml;testPrependText;classNamesAndAttributeNameIsCaseInsensitive;elementIsNotASiblingOfItself;testClassNames;testShadowElementsAreUpdated;testPrependNewHtml;testFormatHtml;insertChildrenAsCopy;textHasSpaceAfterBlockTags;insertChildrenAtPosition;testGetChildText;testSetText;testNormalizesNbspInText;testHasText;getNamespacedElementsByTag;testElementSiblingIndexSameContent;testAppendRowToTable;testWrap;after;getElementsByTagName;testChildrenElements;testGetSiblingsWithDuplicateContent;testSetHtml;testNextElementSiblingAfterClone;testAppendTo;testIs;testGetDataNodes;testLoopedRemoveAttributes;testGetElementsWithAttributeDash;testHashAndEqualsAndValue;testClone;testGetParents;testThrowsOnPrependNullText;testSetHtmlTitle;testNoIndentOnScriptAndStyle;testNotPretty;testAddNewElement;testPrependRowToTable;dataset;testContainerOutput;testShallowClone;testNormalisesText
org.jsoup.parser.AttributeParseTest;moreAttributeUnescapes;handlesNewLinesAndReturns;strictAttributeUnescapes
org.jsoup.nodes.EntitiesTest;escapesGtInXmlAttributesButNotInHtml;letterDigitEntities
org.jsoup.nodes.NodeTest;literalAbsPrefix;before;testRemove;handleAbsOnLocalhostFileUris;childNodesCopy;unwrap;absHandlesRelativeQuery;traverse;unwrapNoChildren;handleAbsOnFileUris;testReplace;absHandlesDotFromIndex;root;supportsClone;handlesAbsPrefixOnHasAttr;after;ownerDocument;handlesAbsPrefix;nodeIsNotASiblingOfItself;handlesAbsOnProtocolessAbsoluteUris
org.jsoup.select.ElementsTest;unwrapKeepsSpace;siblings;before;hasAbsAttr;eachAttr;remove;unwrap;empty;not;html;text;after;classWithHyphen;setHtml;hasClassCaseInsensitive;absAttr;is;eachText;eq;outerHtml;hasText;filter;traverse;tagNameSet;wrap;unwrapP;parents;wrapDiv
org.jsoup.parser.TokeniserTest;handleSuperLargeAttributeName;handleLargeCdata;handleLargeText;handleSuperLargeTagNames;handleLargeTitle
org.jsoup.nodes.TextNodeTest;testSplitText;testSplitAnEmbolden;testTextBean;testWithSupplementaryCharacter;testLeadNodesHaveNoChildren
org.jsoup.nodes.FormElementTest;adoptedFormsRetainInputs;removeFormElement
org.jsoup.select.TraversorTest;filterVisit;filterStop;filterSkipChildren;filterRemove;filterSkipEntirely
org.jsoup.parser.TokeniserStateTest;testEndTagOpen;testBeforeTagName
org.jsoup.helper.StringUtilTest;normaliseWhiteSpaceHandlesHighSurrogates
[INFO] Writing Coverage in /tmp/icst-2019/september-2018/result/jsoup/commit_5_0f7e0cc/commit_coverage_testsThatExecuteTheChanges_coverage.csv
[INFO] org.jsoup.helper.DataUtil;5;7

[INFO] org.jsoup.parser.HtmlTreeBuilderState;3;6

[INFO] total;8;13

[INFO] ------------------------------------------------------------------------
[INFO] BUILD SUCCESS
[INFO] ------------------------------------------------------------------------
[INFO] Total time: 48.653 s
[INFO] Finished at: 2018-10-10T15:37:57+02:00
[INFO] ------------------------------------------------------------------------
2018-10-10 15:37:57,752 INFO icst.experiments.repositories.RepositoriesSetter - {/tmp/icst-2019/september-2018/dataset/jsoup} Cleaning local repository...
2018-10-10 15:37:57,898 INFO icst.experiments.repositories.RepositoriesSetter - Checkout 2c4e79b104c0ff32566ce247617d47c0b39cc2c7 revision...
2018-10-10 15:37:58,071 INFO icst.experiments.repositories.RepositoriesSetter - {/tmp/icst-2019/september-2018/dataset/jsoup_parent} Cleaning local repository...
2018-10-10 15:37:58,098 INFO icst.experiments.repositories.RepositoriesSetter - Checkout 71561e09e0f29ec5fd1bb918206f3d8e42876518 revision...
