[INFO] Scanning for projects...
[WARNING] 
[WARNING] Some problems were encountered while building the effective model for org.xwiki.commons:xwiki-commons-xml:jar:10.6-SNAPSHOT
[WARNING] Reporting configuration should be done in <reporting> section, not in maven-site-plugin <configuration> as reportPlugins parameter.
[WARNING] 
[WARNING] It is highly recommended to fix these problems because they threaten the stability of your build.
[WARNING] 
[WARNING] For this reason, future Maven versions might no longer support building such malformed projects.
[WARNING] 
[INFO] 
[INFO] ----------------< org.xwiki.commons:xwiki-commons-xml >-----------------
[INFO] Building XWiki Commons - XML 10.6-SNAPSHOT
[INFO] --------------------------------[ jar ]---------------------------------
[INFO] 
[INFO] --- maven-clean-plugin:3.1.0:clean (default-clean) @ xwiki-commons-xml ---
[INFO] Deleting /tmp/icst-2019/september-2018/dataset/xwiki-commons_parent/xwiki-commons-core/xwiki-commons-xml/target
[INFO] 
[INFO] --- diff-test-selection:0.5-SNAPSHOT:list (default-cli) @ xwiki-commons-xml ---
[INFO] Computing coverage for /tmp/icst-2019/september-2018/dataset/xwiki-commons_parent/xwiki-commons-core/xwiki-commons-xml
[WARN] Maven will be executed in interactive mode, but no input stream has been configured for this MavenInvoker instance.
[INFO] Scanning for projects...
[WARNING] 
[WARNING] Some problems were encountered while building the effective model for org.xwiki.commons:xwiki-commons-xml:jar:10.6-SNAPSHOT
[WARNING] Reporting configuration should be done in <reporting> section, not in maven-site-plugin <configuration> as reportPlugins parameter.
[WARNING] 
[WARNING] It is highly recommended to fix these problems because they threaten the stability of your build.
[WARNING] 
[WARNING] For this reason, future Maven versions might no longer support building such malformed projects.
[WARNING] 
[INFO] 
[INFO] ----------------< org.xwiki.commons:xwiki-commons-xml >-----------------
[INFO] Building XWiki Commons - XML 10.6-SNAPSHOT
[INFO] --------------------------------[ jar ]---------------------------------
[INFO] 
[INFO] --- maven-clean-plugin:3.1.0:clean (default-clean) @ xwiki-commons-xml ---
[INFO] 
[INFO] --- clover-maven-plugin:4.2.0:setup (default-cli) @ xwiki-commons-xml ---
[INFO] No 'maven.clover.licenseLocation' configured. Using default license.
[INFO] OpenClover Version 4.2.0, built on April 30 2017 (build-1000)
[INFO] Loaded from: /home/spirals/danglot/.m2/repository/org/openclover/clover/4.2.0/clover-4.2.0.jar
[INFO] Clover free edition.
[INFO] Creating new database at '/tmp/icst-2019/september-2018/dataset/xwiki-commons_parent/xwiki-commons-core/xwiki-commons-xml/target/clover/clover.db'.
[INFO] Processing files at 1.8 source level.
[INFO] Clover all over. Instrumented 26 files (8 packages).
[INFO] Elapsed time = 0.842 secs. (30.879 files/sec, 5,198.337 srclines/sec)
[INFO] 
[INFO] --- maven-enforcer-plugin:1.4.1:enforce (enforce-plugins) @ xwiki-commons-xml ---
[INFO] 
[INFO] --- maven-enforcer-plugin:1.4.1:enforce (enforce-jcl-log4j-isolation) @ xwiki-commons-xml ---
[INFO] 
[INFO] --- maven-enforcer-plugin:1.4.1:enforce (enforce-glasshfish-jaxb) @ xwiki-commons-xml ---
[INFO] 
[INFO] --- maven-enforcer-plugin:1.4.1:enforce (enforce-open-json) @ xwiki-commons-xml ---
[INFO] 
[INFO] --- maven-enforcer-plugin:1.4.1:enforce (enforce-glassfish-el) @ xwiki-commons-xml ---
[INFO] 
[INFO] --- maven-enforcer-plugin:1.4.1:enforce (enforce-commons-lang3) @ xwiki-commons-xml ---
[INFO] 
[INFO] --- maven-enforcer-plugin:1.4.1:enforce (enforce-commons-configuration2) @ xwiki-commons-xml ---
[INFO] 
[INFO] --- maven-enforcer-plugin:1.4.1:enforce (enforce-bouncycastle-ids) @ xwiki-commons-xml ---
[INFO] 
[INFO] --- maven-enforcer-plugin:1.4.1:enforce (enforce-javase-dependencies) @ xwiki-commons-xml ---
[INFO] 
[INFO] --- maven-enforcer-plugin:1.4.1:enforce (enforce-upper-bounds) @ xwiki-commons-xml ---
[INFO] 
[INFO] --- maven-enforcer-plugin:1.4.1:enforce (enforce-no-legacy-dependencies) @ xwiki-commons-xml ---
[INFO] 
[INFO] --- maven-enforcer-plugin:1.4.1:enforce (enforce-valid-poms) @ xwiki-commons-xml ---
[INFO] 
[INFO] --- maven-enforcer-plugin:1.4.1:enforce (enforce-platform-rendering-isolation) @ xwiki-commons-xml ---
[INFO] 
[INFO] --- maven-enforcer-plugin:1.4.1:enforce (check-dependency-version) @ xwiki-commons-xml ---
[INFO] 
[INFO] --- xwiki-commons-tool-remote-resource-plugin:10.6-SNAPSHOT:process (xwiki-license-resources) @ xwiki-commons-xml ---
[INFO] 
[INFO] --- maven-resources-plugin:3.1.0:resources (default-resources) @ xwiki-commons-xml ---
[INFO] Using 'UTF-8' encoding to copy filtered resources.
[INFO] Copying 6 resources
[INFO] Copying 1 resource
[INFO] Copying 2 resources
[INFO] 
[INFO] --- maven-compiler-plugin:3.7.0:compile (default-compile) @ xwiki-commons-xml ---
[INFO] Changes detected - recompiling the module!
[INFO] Compiling 26 source files to /tmp/icst-2019/september-2018/dataset/xwiki-commons_parent/xwiki-commons-core/xwiki-commons-xml/target/classes
[INFO] 
[INFO] --- maven-bundle-plugin:3.5.0:manifest (bundle-manifest) @ xwiki-commons-xml ---
[INFO] 
[INFO] --- maven-resources-plugin:3.1.0:testResources (default-testResources) @ xwiki-commons-xml ---
[INFO] Using 'UTF-8' encoding to copy filtered resources.
[INFO] skip non existing resourceDirectory /tmp/icst-2019/september-2018/dataset/xwiki-commons_parent/xwiki-commons-core/xwiki-commons-xml/src/test/resources
[INFO] Copying 2 resources
[INFO] 
[INFO] --- maven-compiler-plugin:3.7.0:testCompile (default-testCompile) @ xwiki-commons-xml ---
[INFO] Changes detected - recompiling the module!
[INFO] Compiling 4 source files to /tmp/icst-2019/september-2018/dataset/xwiki-commons_parent/xwiki-commons-core/xwiki-commons-xml/target/test-classes
[INFO] 
[INFO] --- maven-surefire-plugin:2.19.1:test (default-test) @ xwiki-commons-xml ---

-------------------------------------------------------
 T E S T S
-------------------------------------------------------
Running org.xwiki.xml.XMLUtilsTest
Tests run: 21, Failures: 0, Errors: 0, Skipped: 0, Time elapsed: 0.428 sec - in org.xwiki.xml.XMLUtilsTest
Running org.xwiki.xml.html.HTMLUtilsTest
Tests run: 2, Failures: 0, Errors: 0, Skipped: 0, Time elapsed: 0.383 sec - in org.xwiki.xml.html.HTMLUtilsTest
Running org.xwiki.xml.stax.StAXUtilsTest
Tests run: 4, Failures: 0, Errors: 0, Skipped: 0, Time elapsed: 0.747 sec - in org.xwiki.xml.stax.StAXUtilsTest
Running org.xwiki.xml.internal.html.DefaultHTMLCleanerTest
Tests run: 23, Failures: 1, Errors: 0, Skipped: 2, Time elapsed: 0.427 sec <<< FAILURE! - in org.xwiki.xml.internal.html.DefaultHTMLCleanerTest
escapeHTMLCharsInAttributes  Time elapsed: 0.036 sec  <<< FAILURE!
org.opentest4j.AssertionFailedError: 
expected: <<?xml version="1.0" encoding="UTF-8"?>
<!DOCTYPE html PUBLIC "-//W3C//DTD XHTML 1.0 Strict//EN" "http://www.w3.org/TR/xhtml1/DTD/xhtml1-strict.dtd">
<html><head></head><body><div foo="aaa&quot;bbb&amp;ccc&gt;ddd&lt;eee">content</div></body></html>
> but was: <<?xml version="1.0" encoding="UTF-8"?>
<!DOCTYPE html PUBLIC "-//W3C//DTD XHTML 1.0 Strict//EN" "http://www.w3.org/TR/xhtml1/DTD/xhtml1-strict.dtd">
<html><head></head><body><div foo="aaa&quot;bbb&amp;ccc>ddd<eee">content</div></body></html>
>
	at org.junit.jupiter.api.AssertionUtils.fail(AssertionUtils.java:52)
	at org.junit.jupiter.api.AssertEquals.failNotEqual(AssertEquals.java:197)
	at org.junit.jupiter.api.AssertEquals.assertEquals(AssertEquals.java:186)
	at org.junit.jupiter.api.AssertEquals.assertEquals(AssertEquals.java:181)
	at org.junit.jupiter.api.Assertions.assertEquals(Assertions.java:486)
	at org.xwiki.xml.internal.html.DefaultHTMLCleanerTest.assertHTML(DefaultHTMLCleanerTest.java:443)
	at org.xwiki.xml.internal.html.DefaultHTMLCleanerTest.escapeHTMLCharsInAttributes(DefaultHTMLCleanerTest.java:437)
	at sun.reflect.NativeMethodAccessorImpl.invoke0(Native Method)
	at sun.reflect.NativeMethodAccessorImpl.invoke(NativeMethodAccessorImpl.java:62)
	at sun.reflect.DelegatingMethodAccessorImpl.invoke(DelegatingMethodAccessorImpl.java:43)
	at java.lang.reflect.Method.invoke(Method.java:498)
	at org.junit.platform.commons.util.ReflectionUtils.invokeMethod(ReflectionUtils.java:436)
	at org.junit.jupiter.engine.execution.ExecutableInvoker.invoke(ExecutableInvoker.java:115)
	at org.junit.jupiter.engine.descriptor.TestMethodTestDescriptor.lambda$invokeTestMethod$6(TestMethodTestDescriptor.java:170)
	at org.junit.jupiter.engine.execution.ThrowableCollector.execute(ThrowableCollector.java:40)
	at org.junit.jupiter.engine.descriptor.TestMethodTestDescriptor.invokeTestMethod(TestMethodTestDescriptor.java:166)
	at org.junit.jupiter.engine.descriptor.TestMethodTestDescriptor.execute(TestMethodTestDescriptor.java:113)
	at org.junit.jupiter.engine.descriptor.TestMethodTestDescriptor.execute(TestMethodTestDescriptor.java:58)
	at org.junit.platform.engine.support.hierarchical.HierarchicalTestExecutor$NodeExecutor.lambda$executeRecursively$3(HierarchicalTestExecutor.java:112)
	at org.junit.platform.engine.support.hierarchical.SingleTestExecutor.executeSafely(SingleTestExecutor.java:66)
	at org.junit.platform.engine.support.hierarchical.HierarchicalTestExecutor$NodeExecutor.executeRecursively(HierarchicalTestExecutor.java:108)
	at org.junit.platform.engine.support.hierarchical.HierarchicalTestExecutor$NodeExecutor.execute(HierarchicalTestExecutor.java:79)
	at org.junit.platform.engine.support.hierarchical.HierarchicalTestExecutor$NodeExecutor.lambda$executeRecursively$2(HierarchicalTestExecutor.java:120)
	at java.util.stream.ForEachOps$ForEachOp$OfRef.accept(ForEachOps.java:184)
	at java.util.stream.ReferencePipeline$2$1.accept(ReferencePipeline.java:175)
	at java.util.Iterator.forEachRemaining(Iterator.java:116)
	at java.util.Spliterators$IteratorSpliterator.forEachRemaining(Spliterators.java:1801)
	at java.util.stream.AbstractPipeline.copyInto(AbstractPipeline.java:481)
	at java.util.stream.AbstractPipeline.wrapAndCopyInto(AbstractPipeline.java:471)
	at java.util.stream.ForEachOps$ForEachOp.evaluateSequential(ForEachOps.java:151)
	at java.util.stream.ForEachOps$ForEachOp$OfRef.evaluateSequential(ForEachOps.java:174)
	at java.util.stream.AbstractPipeline.evaluate(AbstractPipeline.java:234)
	at java.util.stream.ReferencePipeline.forEach(ReferencePipeline.java:418)
	at org.junit.platform.engine.support.hierarchical.HierarchicalTestExecutor$NodeExecutor.lambda$executeRecursively$3(HierarchicalTestExecutor.java:120)
	at org.junit.platform.engine.support.hierarchical.SingleTestExecutor.executeSafely(SingleTestExecutor.java:66)
	at org.junit.platform.engine.support.hierarchical.HierarchicalTestExecutor$NodeExecutor.executeRecursively(HierarchicalTestExecutor.java:108)
	at org.junit.platform.engine.support.hierarchical.HierarchicalTestExecutor$NodeExecutor.execute(HierarchicalTestExecutor.java:79)
	at org.junit.platform.engine.support.hierarchical.HierarchicalTestExecutor$NodeExecutor.lambda$executeRecursively$2(HierarchicalTestExecutor.java:120)
	at java.util.stream.ForEachOps$ForEachOp$OfRef.accept(ForEachOps.java:184)
	at java.util.stream.ReferencePipeline$2$1.accept(ReferencePipeline.java:175)
	at java.util.Iterator.forEachRemaining(Iterator.java:116)
	at java.util.Spliterators$IteratorSpliterator.forEachRemaining(Spliterators.java:1801)
	at java.util.stream.AbstractPipeline.copyInto(AbstractPipeline.java:481)
	at java.util.stream.AbstractPipeline.wrapAndCopyInto(AbstractPipeline.java:471)
	at java.util.stream.ForEachOps$ForEachOp.evaluateSequential(ForEachOps.java:151)
	at java.util.stream.ForEachOps$ForEachOp$OfRef.evaluateSequential(ForEachOps.java:174)
	at java.util.stream.AbstractPipeline.evaluate(AbstractPipeline.java:234)
	at java.util.stream.ReferencePipeline.forEach(ReferencePipeline.java:418)
	at org.junit.platform.engine.support.hierarchical.HierarchicalTestExecutor$NodeExecutor.lambda$executeRecursively$3(HierarchicalTestExecutor.java:120)
	at org.junit.platform.engine.support.hierarchical.SingleTestExecutor.executeSafely(SingleTestExecutor.java:66)
	at org.junit.platform.engine.support.hierarchical.HierarchicalTestExecutor$NodeExecutor.executeRecursively(HierarchicalTestExecutor.java:108)
	at org.junit.platform.engine.support.hierarchical.HierarchicalTestExecutor$NodeExecutor.execute(HierarchicalTestExecutor.java:79)
	at org.junit.platform.engine.support.hierarchical.HierarchicalTestExecutor.execute(HierarchicalTestExecutor.java:55)
	at org.junit.platform.engine.support.hierarchical.HierarchicalTestEngine.execute(HierarchicalTestEngine.java:43)
	at org.junit.platform.launcher.core.DefaultLauncher.execute(DefaultLauncher.java:170)
	at org.junit.platform.launcher.core.DefaultLauncher.execute(DefaultLauncher.java:154)
	at org.junit.platform.launcher.core.DefaultLauncher.execute(DefaultLauncher.java:90)
	at org.junit.platform.surefire.provider.JUnitPlatformProvider.invokeAllTests(JUnitPlatformProvider.java:132)
	at org.junit.platform.surefire.provider.JUnitPlatformProvider.invoke(JUnitPlatformProvider.java:111)
	at org.apache.maven.surefire.booter.ForkedBooter.invokeProviderInSameClassLoader(ForkedBooter.java:290)
	at org.apache.maven.surefire.booter.ForkedBooter.runSuitesInProcess(ForkedBooter.java:242)
	at org.apache.maven.surefire.booter.ForkedBooter.main(ForkedBooter.java:121)


Results :

Failed tests: 
  DefaultHTMLCleanerTest.escapeHTMLCharsInAttributes:437->assertHTML:443 expected: <<?xml version="1.0" encoding="UTF-8"?>
<!DOCTYPE html PUBLIC "-//W3C//DTD XHTML 1.0 Strict//EN" "http://www.w3.org/TR/xhtml1/DTD/xhtml1-strict.dtd">
<html><head></head><body><div foo="aaa&quot;bbb&amp;ccc&gt;ddd&lt;eee">content</div></body></html>
> but was: <<?xml version="1.0" encoding="UTF-8"?>
<!DOCTYPE html PUBLIC "-//W3C//DTD XHTML 1.0 Strict//EN" "http://www.w3.org/TR/xhtml1/DTD/xhtml1-strict.dtd">
<html><head></head><body><div foo="aaa&quot;bbb&amp;ccc>ddd<eee">content</div></body></html>
>

Tests run: 50, Failures: 1, Errors: 0, Skipped: 2

[INFO] ------------------------------------------------------------------------
[INFO] BUILD FAILURE
[INFO] ------------------------------------------------------------------------
[INFO] Total time: 18.272 s
[INFO] Finished at: 2018-09-29T17:20:45+02:00
[INFO] ------------------------------------------------------------------------
[ERROR] Failed to execute goal org.apache.maven.plugins:maven-surefire-plugin:2.19.1:test (default-test) on project xwiki-commons-xml: There are test failures.
[ERROR] 
[ERROR] Please refer to /tmp/icst-2019/september-2018/dataset/xwiki-commons_parent/xwiki-commons-core/xwiki-commons-xml/target/surefire-reports for the individual test results.
[ERROR] -> [Help 1]
[ERROR] 
[ERROR] To see the full stack trace of the errors, re-run Maven with the -e switch.
[ERROR] Re-run Maven using the -X switch to enable full debug logging.
[ERROR] 
[ERROR] For more information about the errors and possible solutions, please read the following articles:
[ERROR] [Help 1] http://cwiki.apache.org/confluence/display/MAVEN/MojoFailureException
Writing HTML report to '/tmp/icst-2019/september-2018/dataset/xwiki-commons_parent/xwiki-commons-core/xwiki-commons-xml/target/clover/report'
Done. Processed 8 packages in 2277ms (284ms per package).
[INFO] /tmp/icst-2019/september-2018/dataset/xwiki-commons_parent/xwiki-commons-core/xwiki-commons-xml/src/main/java/org/htmlcleaner/XWikiDOMSerializer.java
[INFO] /tmp/icst-2019/september-2018/dataset/xwiki-commons/xwiki-commons-core/xwiki-commons-xml/src/main/java/org/htmlcleaner/XWikiDOMSerializer.java
[info] org.htmlcleaner.XWikiDOMSerializer:325 is modified.
[info] org.htmlcleaner.XWikiDOMSerializer:158 is modified.
[info] org.htmlcleaner.XWikiDOMSerializer:325 is modified.
[info] org.htmlcleaner.XWikiDOMSerializer:325 is modified.
[info] org.htmlcleaner.XWikiDOMSerializer:192 is modified.
[info] org.htmlcleaner.XWikiDOMSerializer:303 is modified.
[INFO] /tmp/icst-2019/september-2018/dataset/xwiki-commons_parent/xwiki-commons-core/xwiki-commons-xml/src/main/java/org/xwiki/xml/internal/html/DefaultHTMLCleaner.java
[INFO] /tmp/icst-2019/september-2018/dataset/xwiki-commons/xwiki-commons-core/xwiki-commons-xml/src/main/java/org/xwiki/xml/internal/html/DefaultHTMLCleaner.java
[info] org.xwiki.xml.internal.html.DefaultHTMLCleaner:237 is modified.
[INFO] /tmp/icst-2019/september-2018/dataset/xwiki-commons_parent/xwiki-commons-core/xwiki-commons-xml/src/test/java/org/xwiki/xml/internal/html/DefaultHTMLCleanerTest.java
[INFO] /tmp/icst-2019/september-2018/dataset/xwiki-commons/xwiki-commons-core/xwiki-commons-xml/src/test/java/org/xwiki/xml/internal/html/DefaultHTMLCleanerTest.java
[INFO] Saving result in /tmp/icst-2019/september-2018/result/xwiki-commons/commit_4_adfefec/parent_coverage_testsThatExecuteTheChanges.csv ...
[INFO] 
[INFO] Writing Coverage in /tmp/icst-2019/september-2018/result/xwiki-commons/commit_4_adfefec/parent_coverage_testsThatExecuteTheChanges_coverage.csv
[INFO] total;0;0

[INFO] ------------------------------------------------------------------------
[INFO] BUILD SUCCESS
[INFO] ------------------------------------------------------------------------
[INFO] Total time: 28.163 s
[INFO] Finished at: 2018-09-29T17:20:51+02:00
[INFO] ------------------------------------------------------------------------
