[INFO] Scanning for projects...
[INFO] 
[INFO] --------------------------< org.jsoup:jsoup >---------------------------
[INFO] Building jsoup Java HTML Parser 1.11.3-SNAPSHOT
[INFO] --------------------------------[ jar ]---------------------------------
[INFO] 
[INFO] --- maven-clean-plugin:2.5:clean (default-clean) @ jsoup ---
[INFO] Deleting /tmp/icst-2019/september-2018/dataset/jsoup/target
[INFO] 
[INFO] --- diff-test-selection:0.5-SNAPSHOT:list (default-cli) @ jsoup ---
[INFO] Computing coverage for /tmp/icst-2019/september-2018/dataset/jsoup
[WARN] Maven will be executed in interactive mode, but no input stream has been configured for this MavenInvoker instance.
[INFO] Scanning for projects...
[INFO] 
[INFO] --------------------------< org.jsoup:jsoup >---------------------------
[INFO] Building jsoup Java HTML Parser 1.11.3-SNAPSHOT
[INFO] --------------------------------[ jar ]---------------------------------
[INFO] 
[INFO] --- maven-clean-plugin:2.5:clean (default-clean) @ jsoup ---
[INFO] 
[INFO] --- clover-maven-plugin:4.2.0:setup (default-cli) @ jsoup ---
[INFO] No 'maven.clover.licenseLocation' configured. Using default license.
[INFO] OpenClover Version 4.2.0, built on April 30 2017 (build-1000)
[INFO] Loaded from: /home/spirals/danglot/.m2/repository/org/openclover/clover/4.2.0/clover-4.2.0.jar
[INFO] Clover free edition.
[INFO] Creating new database at '/tmp/icst-2019/september-2018/dataset/jsoup/target/clover/clover.db'.
[INFO] Processing files at 1.8 source level.
[INFO] Clover all over. Instrumented 67 files (8 packages).
[INFO] Elapsed time = 2.798 secs. (23.946 files/sec, 6,458.542 srclines/sec)
[INFO] OpenClover Version 4.2.0, built on April 30 2017 (build-1000)
[INFO] Loaded from: /home/spirals/danglot/.m2/repository/org/openclover/clover/4.2.0/clover-4.2.0.jar
[INFO] Clover free edition.
[INFO] Updating existing database at '/tmp/icst-2019/september-2018/dataset/jsoup/target/clover/clover.db'.
[INFO] Processing files at 1.8 source level.
[INFO] Clover all over. Instrumented 44 files (9 packages).
[INFO] 694 test methods detected.
[INFO] Elapsed time = 1.298 secs. (33.898 files/sec, 7,373.652 srclines/sec)
[INFO] 
[INFO] --- maven-resources-plugin:3.0.1:resources (default-resources) @ jsoup ---
[INFO] Using 'UTF-8' encoding to copy filtered resources.
[INFO] Copying 0 resource
[INFO] Copying 3 resources to META-INF/
[INFO] Copying 1 resource
[INFO] 
[INFO] --- maven-compiler-plugin:3.5.1:compile (default-compile) @ jsoup ---
[INFO] Changes detected - recompiling the module!
[INFO] Compiling 67 source files to /tmp/icst-2019/september-2018/dataset/jsoup/target/classes
[INFO] /tmp/icst-2019/september-2018/dataset/jsoup/target/clover/src-instrumented/org/jsoup/nodes/Attributes.java: Some input files use or override a deprecated API.
[INFO] /tmp/icst-2019/september-2018/dataset/jsoup/target/clover/src-instrumented/org/jsoup/nodes/Attributes.java: Recompile with -Xlint:deprecation for details.
[INFO] 
[INFO] --- animal-sniffer-maven-plugin:1.16:check (animal-sniffer) @ jsoup ---
[INFO] Checking unresolved references to net.sf.androidscents.signature:android-api-level-8:2.2_r3
[INFO] 
[INFO] >>> maven-bundle-plugin:2.5.4:manifest (bundle-manifest) > process-classes @ jsoup >>>
[INFO] 
[INFO] --- maven-resources-plugin:3.0.1:resources (default-resources) @ jsoup ---
[INFO] Using 'UTF-8' encoding to copy filtered resources.
[INFO] Copying 0 resource
[INFO] Copying 3 resources to META-INF/
[INFO] Copying 1 resource
[INFO] 
[INFO] --- maven-compiler-plugin:3.5.1:compile (default-compile) @ jsoup ---
[INFO] Changes detected - recompiling the module!
[INFO] Compiling 67 source files to /tmp/icst-2019/september-2018/dataset/jsoup/target/classes
[INFO] /tmp/icst-2019/september-2018/dataset/jsoup/target/clover/src-instrumented/org/jsoup/nodes/Attributes.java: Some input files use or override a deprecated API.
[INFO] /tmp/icst-2019/september-2018/dataset/jsoup/target/clover/src-instrumented/org/jsoup/nodes/Attributes.java: Recompile with -Xlint:deprecation for details.
[INFO] 
[INFO] --- animal-sniffer-maven-plugin:1.16:check (animal-sniffer) @ jsoup ---
[INFO] Checking unresolved references to net.sf.androidscents.signature:android-api-level-8:2.2_r3
[INFO] 
[INFO] <<< maven-bundle-plugin:2.5.4:manifest (bundle-manifest) < process-classes @ jsoup <<<
[INFO] 
[INFO] 
[INFO] --- maven-bundle-plugin:2.5.4:manifest (bundle-manifest) @ jsoup ---
[INFO] 
[INFO] --- maven-resources-plugin:3.0.1:testResources (default-testResources) @ jsoup ---
[INFO] Using 'UTF-8' encoding to copy filtered resources.
[INFO] Copying 23 resources
[INFO] 
[INFO] --- maven-compiler-plugin:3.5.1:testCompile (default-testCompile) @ jsoup ---
[INFO] Changes detected - recompiling the module!
[INFO] Compiling 44 source files to /tmp/icst-2019/september-2018/dataset/jsoup/target/test-classes
[INFO] /tmp/icst-2019/september-2018/dataset/jsoup/target/clover/src-test-instrumented/org/jsoup/parser/AttributeParseTest.java: Some input files use or override a deprecated API.
[INFO] /tmp/icst-2019/september-2018/dataset/jsoup/target/clover/src-test-instrumented/org/jsoup/parser/AttributeParseTest.java: Recompile with -Xlint:deprecation for details.
[INFO] 
[INFO] --- maven-surefire-plugin:2.12.4:test (default-test) @ jsoup ---
[INFO] Surefire report directory: /tmp/icst-2019/september-2018/dataset/jsoup/target/surefire-reports

-------------------------------------------------------
 T E S T S
-------------------------------------------------------
Running org.jsoup.integration.UrlConnectTest
Tests run: 1, Failures: 0, Errors: 0, Skipped: 1, Time elapsed: 0.002 sec
Running org.jsoup.integration.ParseTest
Tests run: 12, Failures: 0, Errors: 0, Skipped: 0, Time elapsed: 1.089 sec
Running org.jsoup.integration.ConnectTest
2018-10-10 15:40:51.774:INFO::main: Logging initialized @1628ms
2018-10-10 15:40:51.831:INFO:oejs.Server:main: jetty-9.2.22.v20170606
2018-10-10 15:40:51.891:INFO:oejs.ServerConnector:main: Started ServerConnector@7cd62f43{HTTP/1.1}{0.0.0.0:38008}
2018-10-10 15:40:51.892:INFO:oejs.Server:main: Started @1746ms
2018-10-10 15:40:53.029:INFO:oejs.ServerConnector:main: Stopped ServerConnector@7cd62f43{HTTP/1.1}{0.0.0.0:0}
Tests run: 23, Failures: 0, Errors: 0, Skipped: 5, Time elapsed: 1.328 sec
Running org.jsoup.helper.HttpConnectionTest
Tests run: 21, Failures: 0, Errors: 0, Skipped: 0, Time elapsed: 0.034 sec
Running org.jsoup.helper.W3CDomTest
Tests run: 5, Failures: 0, Errors: 0, Skipped: 0, Time elapsed: 0.293 sec
Running org.jsoup.helper.StringUtilTest
Tests run: 9, Failures: 0, Errors: 0, Skipped: 0, Time elapsed: 0.013 sec
Running org.jsoup.helper.DataUtilTest
Tests run: 13, Failures: 0, Errors: 0, Skipped: 0, Time elapsed: 0.052 sec
Running org.jsoup.select.QueryParserTest
Tests run: 4, Failures: 0, Errors: 0, Skipped: 0, Time elapsed: 0.005 sec
Running org.jsoup.select.TraversorTest
Tests run: 5, Failures: 0, Errors: 0, Skipped: 0, Time elapsed: 0.01 sec
Running org.jsoup.select.CssTest
Tests run: 17, Failures: 0, Errors: 0, Skipped: 0, Time elapsed: 0.18 sec
Running org.jsoup.select.ElementsTest
Tests run: 34, Failures: 0, Errors: 0, Skipped: 0, Time elapsed: 0.109 sec
Running org.jsoup.select.SelectorTest
Tests run: 62, Failures: 0, Errors: 0, Skipped: 0, Time elapsed: 0.123 sec
Running org.jsoup.nodes.FormElementTest
Tests run: 10, Failures: 0, Errors: 0, Skipped: 0, Time elapsed: 0.017 sec
Running org.jsoup.nodes.AttributeTest
Tests run: 2, Failures: 0, Errors: 0, Skipped: 0, Time elapsed: 0.004 sec
Running org.jsoup.nodes.ElementTest
Tests run: 91, Failures: 0, Errors: 0, Skipped: 0, Time elapsed: 0.147 sec
Running org.jsoup.nodes.AttributesTest
Tests run: 8, Failures: 0, Errors: 0, Skipped: 0, Time elapsed: 0.005 sec
Running org.jsoup.nodes.DocumentTypeTest
Tests run: 5, Failures: 0, Errors: 0, Skipped: 0, Time elapsed: 0.008 sec
Running org.jsoup.nodes.DocumentTest
Tests run: 29, Failures: 0, Errors: 0, Skipped: 1, Time elapsed: 0.166 sec
Running org.jsoup.nodes.TextNodeTest
Tests run: 5, Failures: 0, Errors: 0, Skipped: 0, Time elapsed: 0.006 sec
Running org.jsoup.nodes.EntitiesTest
Tests run: 15, Failures: 0, Errors: 0, Skipped: 0, Time elapsed: 0.015 sec
Running org.jsoup.nodes.NodeTest
Tests run: 25, Failures: 0, Errors: 0, Skipped: 0, Time elapsed: 0.032 sec
Running org.jsoup.safety.CleanerTest
Tests run: 33, Failures: 0, Errors: 0, Skipped: 0, Time elapsed: 0.102 sec
Running org.jsoup.parser.HtmlTreeBuilderTest
Tests run: 1, Failures: 0, Errors: 0, Skipped: 0, Time elapsed: 0.003 sec
Running org.jsoup.parser.TokeniserStateTest
Tests run: 11, Failures: 0, Errors: 0, Skipped: 0, Time elapsed: 0.044 sec
Running org.jsoup.parser.TokenQueueTest
Tests run: 11, Failures: 0, Errors: 0, Skipped: 0, Time elapsed: 0.037 sec
Running org.jsoup.parser.HtmlParserTest
Tests run: 126, Failures: 1, Errors: 0, Skipped: 1, Time elapsed: 4 sec <<< FAILURE!
handlesDeepStack(org.jsoup.parser.HtmlParserTest)  Time elapsed: 3.246 sec  <<< FAILURE!
java.lang.AssertionError
	at org.junit.Assert.fail(Assert.java:86)
	at org.junit.Assert.assertTrue(Assert.java:41)
	at org.junit.Assert.assertTrue(Assert.java:52)
	at org.jsoup.parser.HtmlParserTest.__CLR4_2_0gl9t7cazj(HtmlParserTest.java:994)
	at org.jsoup.parser.HtmlParserTest.handlesDeepStack(HtmlParserTest.java:974)
	at sun.reflect.NativeMethodAccessorImpl.invoke0(Native Method)
	at sun.reflect.NativeMethodAccessorImpl.invoke(NativeMethodAccessorImpl.java:62)
	at sun.reflect.DelegatingMethodAccessorImpl.invoke(DelegatingMethodAccessorImpl.java:43)
	at java.lang.reflect.Method.invoke(Method.java:498)
	at org.junit.runners.model.FrameworkMethod$1.runReflectiveCall(FrameworkMethod.java:50)
	at org.junit.internal.runners.model.ReflectiveCallable.run(ReflectiveCallable.java:12)
	at org.junit.runners.model.FrameworkMethod.invokeExplosively(FrameworkMethod.java:47)
	at org.junit.internal.runners.statements.InvokeMethod.evaluate(InvokeMethod.java:17)
	at org.junit.runners.ParentRunner.runLeaf(ParentRunner.java:325)
	at org.junit.runners.BlockJUnit4ClassRunner.runChild(BlockJUnit4ClassRunner.java:78)
	at org.junit.runners.BlockJUnit4ClassRunner.runChild(BlockJUnit4ClassRunner.java:57)
	at org.junit.runners.ParentRunner$3.run(ParentRunner.java:290)
	at org.junit.runners.ParentRunner$1.schedule(ParentRunner.java:71)
	at org.junit.runners.ParentRunner.runChildren(ParentRunner.java:288)
	at org.junit.runners.ParentRunner.access$000(ParentRunner.java:58)
	at org.junit.runners.ParentRunner$2.evaluate(ParentRunner.java:268)
	at org.junit.runners.ParentRunner.run(ParentRunner.java:363)
	at org.apache.maven.surefire.junit4.JUnit4Provider.execute(JUnit4Provider.java:252)
	at org.apache.maven.surefire.junit4.JUnit4Provider.executeTestSet(JUnit4Provider.java:141)
	at org.apache.maven.surefire.junit4.JUnit4Provider.invoke(JUnit4Provider.java:112)
	at sun.reflect.NativeMethodAccessorImpl.invoke0(Native Method)
	at sun.reflect.NativeMethodAccessorImpl.invoke(NativeMethodAccessorImpl.java:62)
	at sun.reflect.DelegatingMethodAccessorImpl.invoke(DelegatingMethodAccessorImpl.java:43)
	at java.lang.reflect.Method.invoke(Method.java:498)
	at org.apache.maven.surefire.util.ReflectionUtils.invokeMethodWithArray(ReflectionUtils.java:189)
	at org.apache.maven.surefire.booter.ProviderFactory$ProviderProxy.invoke(ProviderFactory.java:165)
	at org.apache.maven.surefire.booter.ProviderFactory.invokeProvider(ProviderFactory.java:85)
	at org.apache.maven.surefire.booter.ForkedBooter.runSuitesInProcess(ForkedBooter.java:115)
	at org.apache.maven.surefire.booter.ForkedBooter.main(ForkedBooter.java:75)

Running org.jsoup.parser.AttributeParseTest
Tests run: 8, Failures: 0, Errors: 0, Skipped: 0, Time elapsed: 0.001 sec
Running org.jsoup.parser.CharacterReaderTest
Tests run: 21, Failures: 0, Errors: 0, Skipped: 0, Time elapsed: 0.014 sec
Running org.jsoup.parser.TagTest
Tests run: 10, Failures: 0, Errors: 0, Skipped: 0, Time elapsed: 0.007 sec
Running org.jsoup.parser.HtmlTreeBuilderStateTest
Tests run: 1, Failures: 0, Errors: 0, Skipped: 0, Time elapsed: 0.003 sec
Running org.jsoup.parser.TokeniserTest
Tests run: 7, Failures: 0, Errors: 0, Skipped: 0, Time elapsed: 0.099 sec
Running org.jsoup.parser.ParserSettingsTest
Tests run: 3, Failures: 0, Errors: 0, Skipped: 0, Time elapsed: 0.01 sec
Running org.jsoup.parser.XmlTreeBuilderTest
Tests run: 19, Failures: 0, Errors: 0, Skipped: 1, Time elapsed: 0.026 sec
Running org.jsoup.internal.ConstrainableInputStreamTest
Tests run: 1, Failures: 0, Errors: 0, Skipped: 1, Time elapsed: 0 sec

Results :

Failed tests:   handlesDeepStack(org.jsoup.parser.HtmlParserTest)

Tests run: 648, Failures: 1, Errors: 0, Skipped: 10

[INFO] ------------------------------------------------------------------------
[INFO] BUILD FAILURE
[INFO] ------------------------------------------------------------------------
[INFO] Total time: 28.862 s
[INFO] Finished at: 2018-10-10T15:40:58+02:00
[INFO] ------------------------------------------------------------------------
[ERROR] Failed to execute goal org.apache.maven.plugins:maven-surefire-plugin:2.12.4:test (default-test) on project jsoup: There are test failures.
[ERROR] 
[ERROR] Please refer to /tmp/icst-2019/september-2018/dataset/jsoup/target/surefire-reports for the individual test results.
[ERROR] -> [Help 1]
[ERROR] 
[ERROR] To see the full stack trace of the errors, re-run Maven with the -e switch.
[ERROR] Re-run Maven using the -X switch to enable full debug logging.
[ERROR] 
[ERROR] For more information about the errors and possible solutions, please read the following articles:
[ERROR] [Help 1] http://cwiki.apache.org/confluence/display/MAVEN/MojoFailureException
Writing HTML report to '/tmp/icst-2019/september-2018/dataset/jsoup/target/clover/report'
Done. Processed 10 packages in 8619ms (861ms per package).
[INFO] /tmp/icst-2019/september-2018/dataset/jsoup/src/main/java/org/jsoup/helper/DataUtil.java
[INFO] /tmp/icst-2019/september-2018/dataset/jsoup_parent/src/main/java/org/jsoup/helper/DataUtil.java
[info] org.jsoup.helper.DataUtil:102 is modified.
[info] org.jsoup.helper.DataUtil:102 covered.
[INFO] /tmp/icst-2019/september-2018/dataset/jsoup/src/main/java/org/jsoup/helper/HttpConnection.java
[INFO] /tmp/icst-2019/september-2018/dataset/jsoup_parent/src/main/java/org/jsoup/helper/HttpConnection.java
[info] org.jsoup.helper.HttpConnection:786 is modified.
[info] org.jsoup.helper.HttpConnection:788 is modified.
[info] org.jsoup.helper.HttpConnection:788 is modified.
[info] org.jsoup.helper.HttpConnection:789 is modified.
[info] org.jsoup.helper.HttpConnection:789 is modified.
[info] org.jsoup.helper.HttpConnection:789 is modified.
[info] org.jsoup.helper.HttpConnection:786 covered.
[info] org.jsoup.helper.HttpConnection:788 covered.
[info] org.jsoup.helper.HttpConnection:789 covered.
[INFO] /tmp/icst-2019/september-2018/dataset/jsoup/src/main/java/org/jsoup/nodes/Attribute.java
[INFO] /tmp/icst-2019/september-2018/dataset/jsoup_parent/src/main/java/org/jsoup/nodes/Attribute.java
[info] org.jsoup.nodes.Attribute:165 is modified.
[info] org.jsoup.nodes.Attribute:164 is modified.
[info] org.jsoup.nodes.Attribute:162 is modified.
[INFO] /tmp/icst-2019/september-2018/dataset/jsoup/src/main/java/org/jsoup/nodes/Attributes.java
[INFO] /tmp/icst-2019/september-2018/dataset/jsoup_parent/src/main/java/org/jsoup/nodes/Attributes.java
[info] org.jsoup.nodes.Attributes:319 is modified.
[info] org.jsoup.nodes.Attributes:319 is modified.
[info] org.jsoup.nodes.Attributes:320 is modified.
[info] org.jsoup.nodes.Attributes:319 is modified.
[info] org.jsoup.nodes.Attributes:319 is modified.
[info] org.jsoup.nodes.Attributes:319 covered.
[info] org.jsoup.nodes.Attributes:320 covered.
[INFO] /tmp/icst-2019/september-2018/dataset/jsoup/src/main/java/org/jsoup/nodes/Element.java
[INFO] /tmp/icst-2019/september-2018/dataset/jsoup_parent/src/main/java/org/jsoup/nodes/Element.java
[info] org.jsoup.nodes.Element:1042 is modified.
[info] org.jsoup.nodes.Element:1043 is modified.
[info] org.jsoup.nodes.Element:1044 is modified.
[info] org.jsoup.nodes.Element:1044 is modified.
[info] org.jsoup.nodes.Element:1044 is modified.
[info] org.jsoup.nodes.Element:1044 is modified.
[info] org.jsoup.nodes.Element:1044 is modified.
[info] org.jsoup.nodes.Element:1045 is modified.
[info] org.jsoup.nodes.Element:1042 covered.
[info] org.jsoup.nodes.Element:1043 covered.
[info] org.jsoup.nodes.Element:1044 covered.
[info] org.jsoup.nodes.Element:1045 covered.
[INFO] /tmp/icst-2019/september-2018/dataset/jsoup/src/main/java/org/jsoup/parser/HtmlTreeBuilderState.java
[INFO] /tmp/icst-2019/september-2018/dataset/jsoup_parent/src/main/java/org/jsoup/parser/HtmlTreeBuilderState.java
[info] org.jsoup.parser.HtmlTreeBuilderState:382 is modified.
[info] org.jsoup.parser.HtmlTreeBuilderState:382 covered.
[INFO] /tmp/icst-2019/september-2018/dataset/jsoup/src/test/java/org/jsoup/integration/ConnectTest.java
[INFO] /tmp/icst-2019/september-2018/dataset/jsoup_parent/src/test/java/org/jsoup/integration/ConnectTest.java
[info] org.jsoup.integration.ConnectTest:372 is modified.
[info] org.jsoup.integration.ConnectTest:373 is modified.
[info] org.jsoup.integration.ConnectTest:373 is modified.
[info] org.jsoup.integration.ConnectTest:373 is modified.
[info] org.jsoup.integration.ConnectTest:374 is modified.
[info] org.jsoup.integration.ConnectTest:374 is modified.
[info] org.jsoup.integration.ConnectTest:376 is modified.
[info] org.jsoup.integration.ConnectTest:376 is modified.
[info] org.jsoup.integration.ConnectTest:377 is modified.
[info] org.jsoup.integration.ConnectTest:377 is modified.
[info] org.jsoup.integration.ConnectTest:377 is modified.
[WARNING] Could not match /src/test/java/org/jsoup/integration/servlets/Deflateservlet.java and -0,0
[INFO] /tmp/icst-2019/september-2018/dataset/jsoup/src/test/java/org/jsoup/nodes/ElementTest.java
[INFO] /tmp/icst-2019/september-2018/dataset/jsoup_parent/src/test/java/org/jsoup/nodes/ElementTest.java
[info] org.jsoup.nodes.ElementTest:1314 is modified.
[info] org.jsoup.nodes.ElementTest:1315 is modified.
[info] org.jsoup.nodes.ElementTest:1315 is modified.
[info] org.jsoup.nodes.ElementTest:1316 is modified.
[info] org.jsoup.nodes.ElementTest:1316 is modified.
[info] org.jsoup.nodes.ElementTest:1318 is modified.
[info] org.jsoup.nodes.ElementTest:1318 is modified.
[info] org.jsoup.nodes.ElementTest:1323 is modified.
[info] org.jsoup.nodes.ElementTest:1323 is modified.
[info] org.jsoup.nodes.ElementTest:1324 is modified.
[info] org.jsoup.nodes.ElementTest:1324 is modified.
[INFO] /tmp/icst-2019/september-2018/dataset/jsoup/src/test/java/org/jsoup/parser/HtmlParserTest.java
[INFO] /tmp/icst-2019/september-2018/dataset/jsoup_parent/src/test/java/org/jsoup/parser/HtmlParserTest.java
[info] org.jsoup.parser.HtmlParserTest:1160 is modified.
[info] org.jsoup.parser.HtmlParserTest:1161 is modified.
[info] org.jsoup.parser.HtmlParserTest:1161 is modified.
[info] org.jsoup.parser.HtmlParserTest:1162 is modified.
[info] org.jsoup.parser.HtmlParserTest:1162 is modified.
[info] org.jsoup.parser.HtmlParserTest:1163 is modified.
[info] org.jsoup.parser.HtmlParserTest:1163 is modified.
[info] org.jsoup.parser.HtmlParserTest:1164 is modified.
[info] org.jsoup.parser.HtmlParserTest:1164 is modified.
[INFO] Saving result in /tmp/icst-2019/september-2018/result/jsoup/commit_9_3676b13/commit_coverage_testsThatExecuteTheChanges.csv ...
[INFO] org.jsoup.nodes.DocumentTest;testClone;testMetaCharsetUpdateIso8859;testLocation;testMetaCharsetUpdateNoCharset;testMetaCharsetUpdateUtf8;testOutputEncoding;testShiftJisRoundtrip;testTitles;testHtmlAndXmlSyntax;testMetaCharsetUpdateDisabledNoChanges;testMetaCharsetUpdateCleanup;setTextPreservesDocumentStructure
org.jsoup.parser.HtmlParserTest;testTemplateInsideTable;testNormalisesIsIndex;handlesKnownEmptyStyle;emptyTdTag;testUsingSingleQuotesInQueries;handlesCdata;handlesUnclosedDefinitionLists;handlesNewlinesAndWhitespaceInTag;preSkipsFirstNewline;parsesQuiteRoughAttributes;associatedFormControlsWithDisjointForms;handlesKnownEmptyTitle;testSpaceAfterTag;handlesUnclosedAnchors;parsesUnterminatedTextarea;testInvalidTableContents;handlesEscapedData;testFragment;handlesJavadocFont;handlesKnownEmptyNoFrames;dropsUnterminatedAttribute;handlesKnownEmptyBlocks;normalisedBodyAfterContent;handlesUnknownTags;reconstructFormattingElements;normalisesHeadlessBody;preservesSpaceInTextArea;dropsUnterminatedTag;handlesNullInData;handlesTextArea;handlesUnclosedFormattingElements;testRelaxedTags;handlesFrames;handlesBlocksInDefinitions;parsesBodyFragment;roundTripsCdata;createsStructureFromBodySnippet;canPreserveAttributeCase;handlesUnclosedTitleAtEof;handlesSolidusInA;handlesUnknownNamespaceTags;handlesWhatWgExpensesTableExample;parsesUnterminatedOption;testSupportsNonAsciiTags;handlesDataOnlyTags;canPreserveBothCase;createsDocumentStructure;handlesSolidusAtAttributeEnd;parsesUnterminatedComments;testHtmlLowerCase;testSupportsPartiallyNonAsciiTags;handlesControlCodeInAttributeName;handlesInvalidStartTags;canPreserveTagCase;testNoImagesInNoScriptInHead;handlesCdataInScript;handlesKnownEmptyIframe;handlesUnclosedTitle
org.jsoup.parser.XmlTreeBuilderTest;preservesCaseByDefault;cdataPreservesWhiteSpace;testSimpleXmlParse;testSupplyParserToDataStream;testDetectCharsetEncodingDeclaration;canNormalizeCase;roundTripsCdata;testDoesHandleEOFInTag
org.jsoup.helper.W3CDomTest;convertsGoogleLocation;convertsGoogle;namespacePreservation
org.jsoup.helper.DataUtilTest;firstMetaElementWithCharsetShouldBeUsedForDecoding;supportsBOMinFiles;secondMetaElementWithContentTypeContainsCharsetParameter;discardsSpuriousByteOrderMark;wrongMetaCharsetFallback;discardsSpuriousByteOrderMarkWhenNoCharsetSet
org.jsoup.integration.ConnectTest;doesGet;doesPost;sendsRequestBody;postFiles;multiCookieSet;doesPut;sendsRequestBodyJsonWithData;sendsRequestBodyWithUrlParams;canConnectToLocalServer;multipleParsesOkAfterBufferUp;sendsRequestBodyJsonWithoutData;parseParseThrowsValidates;fetchURl;supportsDeflate;bodyAndBytesAvailableBeforeParse;fetchURIWithWihtespace;bodyAfterParseThrowsValidationError
org.jsoup.integration.ParseTest;testNewsHomepage;testYahooArticle;testSmhBizArticle;testBaiduVariant;testGoogleSearchIpod;testLowercaseUtf8Charset;testYahooJp;testBrokenHtml5CharsetWithASingleDoubleQuote;testHtml5Charset;testNytArticle;testBaidu;testBinary
org.jsoup.safety.CleanerTest;basicWithImagesTest;addsTagOnAttributesIfNotSet;preservesRelativeLinksIfConfigured;testRemoveProtocols;testRemoveEnforcedAttributes;basicBehaviourTest;resolvesRelativeLinks;testCleanAnchorProtocol;handlesAttributesWithNoValue;whitelistedProtocolShouldBeRetained;handlesControlCharactersAfterTagName;dropsUnresolvableRelativeLinks;handlesAllPseudoTag;testHandlesEmptyAttributes;handlesCustomProtocols
org.jsoup.nodes.ElementTest;testOuterHtml;testPrependText;elementIsNotASiblingOfItself;classNamesAndAttributeNameIsCaseInsensitive;testKeepsPreText;testGetSiblings;testShadowElementsAreUpdated;insertChildrenAsCopy;testKeepsPreTextInCode;textHasSpaceAfterBlockTags;testPrependElement;moveByAppend;testGetChildText;testChildThrowsIndexOutOfBoundsOnMissing;testNormalizesNbspInText;testSetText;testWrap;testChildrenElements;testGetSiblingsWithDuplicateContent;testNextElementSiblingAfterClone;testAppendTo;testKeepsPreTextAtDepth;booleanAttributeOutput;testManipulateTextNodes;testNormalizesInvisiblesInText;testWrapWithRemainder;testGetText;testHashAndEqualsAndValue;testBrHasSpace;testAddBooleanAttribute;parentlessToString;testAddNewElement;testNormalisesText;testShallowClone
org.jsoup.nodes.NodeTest;testRemove;supportsClone;childNodesCopy;nodeIsNotASiblingOfItself
org.jsoup.nodes.AttributesTest;html
org.jsoup.nodes.EntitiesTest;escapesGtInXmlAttributesButNotInHtml;letterDigitEntities
org.jsoup.parser.AttributeParseTest;dropsSlashFromAttributeName;parsesBooleanAttributes
org.jsoup.select.ElementsTest;val;filter;siblings;eachText;text;classWithHyphen;eq;unwrap
org.jsoup.select.SelectorTest;testCombinedWithContains;matchText;descendant;mixCombinator;adjacentSiblings;testPseudoContains;testPsuedoContainsWithParentheses;testCharactersInIdAndClass;testById;selectFirstWithAnd;testPseudoCombined;selectFirstWithOr;notParas;adjacentSiblingsWithId;attributeWithBrackets;splitOnBr;handlesCommasInSelector;deeperDescendant;selectFirst;testSupportsLeadingCombinator;containsWithQuote;testNamespacedTag;testByAttributeRegexCombined;testByClassCaseInsensitive;testWildcardNamespacedTag;findBetweenSpan;testPseudoEquals;testPseudoGreaterThan;testPseudoBetween;testNestedHas;selectSameElements;testMatches;testPseudoLessThan;generalSiblings;matchTextAttributes;selectClassWithSpace;mixCombinatorGroup
org.jsoup.parser.TokeniserTest;handleSuperLargeAttributeName;handleLargeCdata;handleLargeText;handleSuperLargeTagNames;handleLargeTitle
org.jsoup.nodes.TextNodeTest;testSplitText;testTextBean
org.jsoup.parser.TokeniserStateTest;testEndTagOpen;testRcdataLessthanSign;testBeforeTagName;testCharacterReferenceInRcdata;testRCDATAEndTagName
org.jsoup.nodes.FormElementTest;createsFormData
org.jsoup.helper.StringUtilTest;normaliseWhiteSpaceHandlesHighSurrogates
[INFO] Writing Coverage in /tmp/icst-2019/september-2018/result/jsoup/commit_9_3676b13/commit_coverage_testsThatExecuteTheChanges_coverage.csv
[INFO] org.jsoup.helper.DataUtil;1;1

[INFO] org.jsoup.helper.HttpConnection;3;3

[INFO] org.jsoup.nodes.Attributes;2;2

[INFO] org.jsoup.nodes.Element;4;4

[INFO] org.jsoup.parser.HtmlTreeBuilderState;1;1

[INFO] total;11;11

[INFO] ------------------------------------------------------------------------
[INFO] BUILD SUCCESS
[INFO] ------------------------------------------------------------------------
[INFO] Total time: 50.649 s
[INFO] Finished at: 2018-10-10T15:41:16+02:00
[INFO] ------------------------------------------------------------------------
