[INFO] Scanning for projects...
[INFO] 
[INFO] -----------------------< commons-io:commons-io >------------------------
[INFO] Building Apache Commons IO 2.5-SNAPSHOT
[INFO] --------------------------------[ jar ]---------------------------------
[INFO] 
[INFO] --- maven-clean-plugin:2.6.1:clean (default-clean) @ commons-io ---
[INFO] Deleting /tmp/icst-2019/september-2018/dataset/commons-io/target
[INFO] 
[INFO] --- diff-test-selection:0.5-SNAPSHOT:list (default-cli) @ commons-io ---
[INFO] Computing coverage for /tmp/icst-2019/september-2018/dataset/commons-io
[WARN] Maven will be executed in interactive mode, but no input stream has been configured for this MavenInvoker instance.
[INFO] Scanning for projects...
[INFO] 
[INFO] -----------------------< commons-io:commons-io >------------------------
[INFO] Building Apache Commons IO 2.5-SNAPSHOT
[INFO] --------------------------------[ jar ]---------------------------------
[INFO] 
[INFO] --- maven-clean-plugin:2.6.1:clean (default-clean) @ commons-io ---
[INFO] 
[INFO] --- clover-maven-plugin:4.2.0:setup (default-cli) @ commons-io ---
[INFO] No 'maven.clover.licenseLocation' configured. Using default license.
[INFO] OpenClover Version 4.2.0, built on April 30 2017 (build-1000)
[INFO] Loaded from: /home/spirals/danglot/.m2/repository/org/openclover/clover/4.2.0/clover-4.2.0.jar
[INFO] Clover free edition.
[INFO] Creating new database at '/tmp/icst-2019/september-2018/dataset/commons-io/target/clover/clover.db'.
[INFO] Processing files at 1.8 source level.
[INFO] Clover all over. Instrumented 109 files (6 packages).
[INFO] Elapsed time = 6.9 secs. (15.797 files/sec, 3,955.362 srclines/sec)
[INFO] OpenClover Version 4.2.0, built on April 30 2017 (build-1000)
[INFO] Loaded from: /home/spirals/danglot/.m2/repository/org/openclover/clover/4.2.0/clover-4.2.0.jar
[INFO] Clover free edition.
[INFO] Updating existing database at '/tmp/icst-2019/september-2018/dataset/commons-io/target/clover/clover.db'.
[INFO] Processing files at 1.8 source level.
[INFO] Clover all over. Instrumented 99 files (8 packages).
[INFO] 926 test methods detected.
[INFO] Elapsed time = 6.532 secs. (15.156 files/sec, 3,756.43 srclines/sec)
[INFO] 
[INFO] --- maven-enforcer-plugin:1.3.1:enforce (enforce-maven-3) @ commons-io ---
[INFO] Skipping Rule Enforcement.
[INFO] 
[INFO] --- build-helper-maven-plugin:1.8:parse-version (parse-version) @ commons-io ---
[INFO] 
[INFO] --- maven-antrun-plugin:1.7:run (javadoc.resources) @ commons-io ---
[INFO] Executing tasks

main:
     [copy] Copying 2 files to /tmp/icst-2019/september-2018/dataset/commons-io/target/apidocs/META-INF
[INFO] Executed tasks
[INFO] 
[INFO] --- maven-remote-resources-plugin:1.5:process (default) @ commons-io ---
[INFO] 
[INFO] --- buildnumber-maven-plugin:1.3:create (default) @ commons-io ---
[INFO] Executing: /bin/sh -c cd /tmp/icst-2019/september-2018/dataset/commons-io && svn --non-interactive info
[INFO] Working directory: /tmp/icst-2019/september-2018/dataset/commons-io
[INFO] Storing buildNumber: ?????? at timestamp: 1538467946134
[INFO] Executing: /bin/sh -c cd /tmp/icst-2019/september-2018/dataset/commons-io && svn --non-interactive info
[INFO] Working directory: /tmp/icst-2019/september-2018/dataset/commons-io
[INFO] Storing buildScmBranch: UNKNOWN_BRANCH
[INFO] 
[INFO] --- maven-resources-plugin:2.7:resources (default-resources) @ commons-io ---
[INFO] Using 'iso-8859-1' encoding to copy filtered resources.
[INFO] skip non existing resourceDirectory /tmp/icst-2019/september-2018/dataset/commons-io/src/main/resources
[INFO] Copying 2 resources to META-INF
[INFO] Copying 1 resource
[INFO] 
[INFO] --- maven-compiler-plugin:3.2:compile (default-compile) @ commons-io ---
[INFO] Changes detected - recompiling the module!
[INFO] Compiling 109 source files to /tmp/icst-2019/september-2018/dataset/commons-io/target/classes
[INFO] 
[INFO] --- maven-bundle-plugin:2.5.3:manifest (bundle-manifest) @ commons-io ---
[INFO] 
[INFO] --- animal-sniffer-maven-plugin:1.13:check (checkAPIcompatibility) @ commons-io ---
[INFO] Checking unresolved references to org.codehaus.mojo.signature:java16:1.0
[INFO] 
[INFO] --- maven-resources-plugin:2.7:testResources (default-testResources) @ commons-io ---
[INFO] Using 'iso-8859-1' encoding to copy filtered resources.
[INFO] Copying 15 resources
[INFO] Copying 2 resources to META-INF
[INFO] 
[INFO] --- maven-compiler-plugin:3.2:testCompile (default-testCompile) @ commons-io ---
[INFO] Changes detected - recompiling the module!
[INFO] Compiling 99 source files to /tmp/icst-2019/september-2018/dataset/commons-io/target/test-classes
[INFO] /tmp/icst-2019/september-2018/dataset/commons-io/target/clover/src-test-instrumented/org/apache/commons/io/CharsetsTestCase.java: Some input files use or override a deprecated API.
[INFO] /tmp/icst-2019/september-2018/dataset/commons-io/target/clover/src-test-instrumented/org/apache/commons/io/CharsetsTestCase.java: Recompile with -Xlint:deprecation for details.
[INFO] 
[INFO] --- maven-surefire-plugin:2.18:test (default-test) @ commons-io ---
[WARNING] The parameter forkMode is deprecated since version 2.14. Use forkCount and reuseForks instead.
[INFO] Surefire report directory: /tmp/icst-2019/september-2018/dataset/commons-io/target/surefire-reports

-------------------------------------------------------
 T E S T S
-------------------------------------------------------
Running org.apache.commons.io.DemuxTestCase
Tests run: 2, Failures: 0, Errors: 0, Skipped: 0, Time elapsed: 0.305 sec - in org.apache.commons.io.DemuxTestCase
Running org.apache.commons.io.FileUtilsListFilesTestCase
Tests run: 3, Failures: 0, Errors: 0, Skipped: 0, Time elapsed: 0.164 sec - in org.apache.commons.io.FileUtilsListFilesTestCase
Running org.apache.commons.io.FileCleanerTestCase
Tests run: 9, Failures: 0, Errors: 0, Skipped: 0, Time elapsed: 4.235 sec - in org.apache.commons.io.FileCleanerTestCase
Running org.apache.commons.io.filefilter.AndFileFilterTestCase
Tests run: 5, Failures: 0, Errors: 0, Skipped: 0, Time elapsed: 0.076 sec - in org.apache.commons.io.filefilter.AndFileFilterTestCase
Running org.apache.commons.io.filefilter.OrFileFilterTestCase
Tests run: 5, Failures: 0, Errors: 0, Skipped: 0, Time elapsed: 0.081 sec - in org.apache.commons.io.filefilter.OrFileFilterTestCase
Running org.apache.commons.io.filefilter.RegexFileFilterTestCase
Tests run: 1, Failures: 0, Errors: 0, Skipped: 0, Time elapsed: 0.094 sec - in org.apache.commons.io.filefilter.RegexFileFilterTestCase
Running org.apache.commons.io.filefilter.FileFilterTestCase
Tests run: 47, Failures: 0, Errors: 0, Skipped: 0, Time elapsed: 2.323 sec - in org.apache.commons.io.filefilter.FileFilterTestCase
Running org.apache.commons.io.ThreadMonitorTestCase
Tests run: 3, Failures: 0, Errors: 0, Skipped: 0, Time elapsed: 0.466 sec - in org.apache.commons.io.ThreadMonitorTestCase
Running org.apache.commons.io.DirectoryWalkerTestCaseJava4
Tests run: 14, Failures: 0, Errors: 0, Skipped: 0, Time elapsed: 0.128 sec - in org.apache.commons.io.DirectoryWalkerTestCaseJava4
Running org.apache.commons.io.FileUtilsDirectoryContainsTestCase
Tests run: 10, Failures: 0, Errors: 0, Skipped: 0, Time elapsed: 0.163 sec - in org.apache.commons.io.FileUtilsDirectoryContainsTestCase
Running org.apache.commons.io.input.XmlStreamReaderTest
Tests run: 15, Failures: 0, Errors: 0, Skipped: 0, Time elapsed: 1.224 sec - in org.apache.commons.io.input.XmlStreamReaderTest
Running org.apache.commons.io.input.compatibility.XmlStreamReaderUtilitiesCompatibilityTest
Tests run: 11, Failures: 0, Errors: 0, Skipped: 0, Time elapsed: 0.217 sec - in org.apache.commons.io.input.compatibility.XmlStreamReaderUtilitiesCompatibilityTest
Running org.apache.commons.io.input.ReversedLinesFileReaderTestSimple
Tests run: 3, Failures: 0, Errors: 0, Skipped: 0, Time elapsed: 0.184 sec - in org.apache.commons.io.input.ReversedLinesFileReaderTestSimple
Running org.apache.commons.io.input.ReaderInputStreamTest
Tests run: 8, Failures: 0, Errors: 0, Skipped: 0, Time elapsed: 0.153 sec - in org.apache.commons.io.input.ReaderInputStreamTest
Running org.apache.commons.io.input.TailerTest
Elapsed: 1032
testMultiByteBreak() Default charset: US-ASCII
Tests run: 9, Failures: 0, Errors: 0, Skipped: 0, Time elapsed: 22.067 sec - in org.apache.commons.io.input.TailerTest
Running org.apache.commons.io.input.TeeInputStreamTest
Tests run: 7, Failures: 0, Errors: 0, Skipped: 0, Time elapsed: 0.126 sec - in org.apache.commons.io.input.TeeInputStreamTest
Running org.apache.commons.io.input.AutoCloseInputStreamTest
Tests run: 4, Failures: 0, Errors: 0, Skipped: 0, Time elapsed: 0.124 sec - in org.apache.commons.io.input.AutoCloseInputStreamTest
Running org.apache.commons.io.input.XmlStreamReaderUtilitiesTest
Tests run: 11, Failures: 0, Errors: 0, Skipped: 0, Time elapsed: 0.227 sec - in org.apache.commons.io.input.XmlStreamReaderUtilitiesTest
Running org.apache.commons.io.input.WindowsLineEndingInputStreamTest
Tests run: 7, Failures: 0, Errors: 0, Skipped: 0, Time elapsed: 0.149 sec - in org.apache.commons.io.input.WindowsLineEndingInputStreamTest
Running org.apache.commons.io.input.CharSequenceInputStreamTest
Tests run: 30, Failures: 0, Errors: 0, Skipped: 2, Time elapsed: 0.773 sec - in org.apache.commons.io.input.CharSequenceInputStreamTest
Running org.apache.commons.io.input.CloseShieldInputStreamTest
Tests run: 1, Failures: 0, Errors: 0, Skipped: 0, Time elapsed: 0.124 sec - in org.apache.commons.io.input.CloseShieldInputStreamTest
Running org.apache.commons.io.input.ReversedLinesFileReaderTestParamBlockSize
Tests run: 65, Failures: 0, Errors: 0, Skipped: 0, Time elapsed: 1.329 sec - in org.apache.commons.io.input.ReversedLinesFileReaderTestParamBlockSize
Running org.apache.commons.io.input.BoundedReaderTest
Tests run: 11, Failures: 0, Errors: 0, Skipped: 0, Time elapsed: 0.148 sec - in org.apache.commons.io.input.BoundedReaderTest
Running org.apache.commons.io.input.SwappedDataInputStreamTest
Tests run: 14, Failures: 0, Errors: 0, Skipped: 0, Time elapsed: 0.101 sec - in org.apache.commons.io.input.SwappedDataInputStreamTest
Running org.apache.commons.io.input.ClosedInputStreamTest
Tests run: 1, Failures: 0, Errors: 0, Skipped: 0, Time elapsed: 0.095 sec - in org.apache.commons.io.input.ClosedInputStreamTest
Running org.apache.commons.io.input.ProxyReaderTest
Tests run: 2, Failures: 0, Errors: 0, Skipped: 0, Time elapsed: 0.063 sec - in org.apache.commons.io.input.ProxyReaderTest
Running org.apache.commons.io.input.BrokenInputStreamTest
Tests run: 6, Failures: 1, Errors: 0, Skipped: 0, Time elapsed: 0.149 sec <<< FAILURE! - in org.apache.commons.io.input.BrokenInputStreamTest
testClose(org.apache.commons.io.input.BrokenInputStreamTest)  Time elapsed: 0.117 sec  <<< FAILURE!
junit.framework.AssertionFailedError: expected:<java.io.IOException: test exception> but was:<java.io.IOException: test exception>
	at junit.framework.Assert.fail(Assert.java:57)
	at junit.framework.Assert.failNotEquals(Assert.java:329)
	at junit.framework.Assert.assertEquals(Assert.java:78)
	at junit.framework.Assert.assertEquals(Assert.java:86)
	at junit.framework.TestCase.assertEquals(TestCase.java:253)
	at org.apache.commons.io.input.BrokenInputStreamTest.__CLR4_2_069vzsjc10(BrokenInputStreamTest.java:94)
	at org.apache.commons.io.input.BrokenInputStreamTest.testClose(BrokenInputStreamTest.java:89)

Running org.apache.commons.io.input.CountingInputStreamTest
Tests run: 10, Failures: 0, Errors: 0, Skipped: 0, Time elapsed: 0.571 sec - in org.apache.commons.io.input.CountingInputStreamTest
Running org.apache.commons.io.input.NullInputStreamTest
Tests run: 6, Failures: 0, Errors: 0, Skipped: 0, Time elapsed: 0.082 sec - in org.apache.commons.io.input.NullInputStreamTest
Running org.apache.commons.io.input.TaggedInputStreamTest
Tests run: 4, Failures: 1, Errors: 0, Skipped: 0, Time elapsed: 0.189 sec <<< FAILURE! - in org.apache.commons.io.input.TaggedInputStreamTest
testBrokenStream(org.apache.commons.io.input.TaggedInputStreamTest)  Time elapsed: 0.158 sec  <<< FAILURE!
junit.framework.AssertionFailedError: expected:<java.io.IOException: test exception> but was:<java.io.IOException: test exception>
	at junit.framework.Assert.fail(Assert.java:57)
	at junit.framework.Assert.failNotEquals(Assert.java:329)
	at junit.framework.Assert.assertEquals(Assert.java:78)
	at junit.framework.Assert.assertEquals(Assert.java:86)
	at junit.framework.TestCase.assertEquals(TestCase.java:253)
	at org.apache.commons.io.input.TaggedInputStreamTest.__CLR4_2_03ux3xucuw(TaggedInputStreamTest.java:107)
	at org.apache.commons.io.input.TaggedInputStreamTest.testBrokenStream(TaggedInputStreamTest.java:64)

Running org.apache.commons.io.input.UnixLineEndingInputStreamTest
Tests run: 8, Failures: 0, Errors: 0, Skipped: 0, Time elapsed: 0.135 sec - in org.apache.commons.io.input.UnixLineEndingInputStreamTest
Running org.apache.commons.io.input.NullReaderTest
Tests run: 6, Failures: 0, Errors: 0, Skipped: 0, Time elapsed: 0.075 sec - in org.apache.commons.io.input.NullReaderTest
Running org.apache.commons.io.input.BoundedInputStreamTest
Tests run: 2, Failures: 0, Errors: 0, Skipped: 0, Time elapsed: 0.084 sec - in org.apache.commons.io.input.BoundedInputStreamTest
Running org.apache.commons.io.input.ClassLoaderObjectInputStreamTest
Tests run: 6, Failures: 0, Errors: 0, Skipped: 0, Time elapsed: 0.207 sec - in org.apache.commons.io.input.ClassLoaderObjectInputStreamTest
Running org.apache.commons.io.input.CharSequenceReaderTest
Tests run: 7, Failures: 0, Errors: 0, Skipped: 0, Time elapsed: 0.132 sec - in org.apache.commons.io.input.CharSequenceReaderTest
Running org.apache.commons.io.input.ReversedLinesFileReaderTestParamFile
Tests run: 13, Failures: 0, Errors: 0, Skipped: 0, Time elapsed: 0.351 sec - in org.apache.commons.io.input.ReversedLinesFileReaderTestParamFile
Running org.apache.commons.io.input.BOMInputStreamTest
Tests run: 42, Failures: 0, Errors: 0, Skipped: 1, Time elapsed: 0.386 sec - in org.apache.commons.io.input.BOMInputStreamTest
Running org.apache.commons.io.FileDeleteStrategyTestCase
Tests run: 5, Failures: 0, Errors: 0, Skipped: 0, Time elapsed: 0.093 sec - in org.apache.commons.io.FileDeleteStrategyTestCase
Running org.apache.commons.io.DirectoryWalkerTestCase
Tests run: 15, Failures: 0, Errors: 0, Skipped: 0, Time elapsed: 0.234 sec - in org.apache.commons.io.DirectoryWalkerTestCase
Running org.apache.commons.io.HexDumpTest
Tests run: 1, Failures: 0, Errors: 0, Skipped: 0, Time elapsed: 0.086 sec - in org.apache.commons.io.HexDumpTest
Running org.apache.commons.io.IOUtilsTestCase
Tests run: 80, Failures: 0, Errors: 0, Skipped: 0, Time elapsed: 0.508 sec - in org.apache.commons.io.IOUtilsTestCase
Running org.apache.commons.io.FileUtilsWaitForTestCase
Tests run: 1, Failures: 0, Errors: 0, Skipped: 0, Time elapsed: 5.371 sec - in org.apache.commons.io.FileUtilsWaitForTestCase
Running org.apache.commons.io.IOExceptionWithCauseTestCase
Tests run: 2, Failures: 0, Errors: 0, Skipped: 0, Time elapsed: 0.102 sec - in org.apache.commons.io.IOExceptionWithCauseTestCase
Running org.apache.commons.io.FilenameUtilsTestCase
Tests run: 30, Failures: 0, Errors: 0, Skipped: 0, Time elapsed: 0.205 sec - in org.apache.commons.io.FilenameUtilsTestCase
Running org.apache.commons.io.comparator.ExtensionFileComparatorTest
Tests run: 8, Failures: 0, Errors: 0, Skipped: 0, Time elapsed: 0.107 sec - in org.apache.commons.io.comparator.ExtensionFileComparatorTest
Running org.apache.commons.io.comparator.NameFileComparatorTest
Tests run: 8, Failures: 0, Errors: 0, Skipped: 0, Time elapsed: 0.116 sec - in org.apache.commons.io.comparator.NameFileComparatorTest
Running org.apache.commons.io.comparator.SizeFileComparatorTest
Tests run: 9, Failures: 0, Errors: 0, Skipped: 0, Time elapsed: 0.156 sec - in org.apache.commons.io.comparator.SizeFileComparatorTest
Running org.apache.commons.io.comparator.DefaultFileComparatorTest
Tests run: 7, Failures: 0, Errors: 0, Skipped: 0, Time elapsed: 0.095 sec - in org.apache.commons.io.comparator.DefaultFileComparatorTest
Running org.apache.commons.io.comparator.LastModifiedFileComparatorTest
Tests run: 7, Failures: 0, Errors: 0, Skipped: 0, Time elapsed: 13.622 sec - in org.apache.commons.io.comparator.LastModifiedFileComparatorTest
Running org.apache.commons.io.comparator.CompositeFileComparatorTest
Tests run: 10, Failures: 0, Errors: 0, Skipped: 0, Time elapsed: 0.132 sec - in org.apache.commons.io.comparator.CompositeFileComparatorTest
Running org.apache.commons.io.comparator.DirectoryFileComparatorTest
Tests run: 7, Failures: 0, Errors: 0, Skipped: 0, Time elapsed: 0.095 sec - in org.apache.commons.io.comparator.DirectoryFileComparatorTest
Running org.apache.commons.io.comparator.PathFileComparatorTest
Tests run: 8, Failures: 0, Errors: 0, Skipped: 0, Time elapsed: 0.102 sec - in org.apache.commons.io.comparator.PathFileComparatorTest
Running org.apache.commons.io.IOUtilsCopyTestCase
Tests run: 23, Failures: 0, Errors: 0, Skipped: 0, Time elapsed: 0.996 sec - in org.apache.commons.io.IOUtilsCopyTestCase
Running org.apache.commons.io.FileSystemUtilsTestCase
Tests run: 28, Failures: 0, Errors: 0, Skipped: 0, Time elapsed: 0.3 sec - in org.apache.commons.io.FileSystemUtilsTestCase
Running org.apache.commons.io.EndianUtilsTest
Tests run: 22, Failures: 0, Errors: 0, Skipped: 0, Time elapsed: 0.141 sec - in org.apache.commons.io.EndianUtilsTest
Running org.apache.commons.io.output.LockableFileWriterTest
Tests run: 7, Failures: 0, Errors: 0, Skipped: 0, Time elapsed: 0.134 sec - in org.apache.commons.io.output.LockableFileWriterTest
Running org.apache.commons.io.output.XmlStreamWriterTest
Tests run: 12, Failures: 0, Errors: 0, Skipped: 0, Time elapsed: 0.201 sec - in org.apache.commons.io.output.XmlStreamWriterTest
Running org.apache.commons.io.output.CloseShieldOutputStreamTest
Tests run: 1, Failures: 0, Errors: 0, Skipped: 0, Time elapsed: 0.123 sec - in org.apache.commons.io.output.CloseShieldOutputStreamTest
Running org.apache.commons.io.output.CountingOutputStreamTest
Tests run: 2, Failures: 0, Errors: 0, Skipped: 0, Time elapsed: 0.515 sec - in org.apache.commons.io.output.CountingOutputStreamTest
Running org.apache.commons.io.output.DeferredFileOutputStreamTest
Tests run: 10, Failures: 0, Errors: 0, Skipped: 0, Time elapsed: 0.132 sec - in org.apache.commons.io.output.DeferredFileOutputStreamTest
Running org.apache.commons.io.output.NullWriterTest
Tests run: 1, Failures: 0, Errors: 0, Skipped: 0, Time elapsed: 0.092 sec - in org.apache.commons.io.output.NullWriterTest
Running org.apache.commons.io.output.FileWriterWithEncodingTest
Tests run: 6, Failures: 0, Errors: 0, Skipped: 0, Time elapsed: 0.178 sec - in org.apache.commons.io.output.FileWriterWithEncodingTest
Running org.apache.commons.io.output.AppendableOutputStreamTest
Tests run: 2, Failures: 0, Errors: 0, Skipped: 0, Time elapsed: 0.134 sec - in org.apache.commons.io.output.AppendableOutputStreamTest
Running org.apache.commons.io.output.TeeOutputStreamTest
Tests run: 3, Failures: 0, Errors: 0, Skipped: 0, Time elapsed: 0.072 sec - in org.apache.commons.io.output.TeeOutputStreamTest
Running org.apache.commons.io.output.ProxyOutputStreamTest
Tests run: 2, Failures: 0, Errors: 0, Skipped: 0, Time elapsed: 0.104 sec - in org.apache.commons.io.output.ProxyOutputStreamTest
Running org.apache.commons.io.output.ByteArrayOutputStreamTestCase
Tests run: 3, Failures: 0, Errors: 0, Skipped: 0, Time elapsed: 0.096 sec - in org.apache.commons.io.output.ByteArrayOutputStreamTestCase
Running org.apache.commons.io.output.WriterOutputStreamTest
Tests run: 12, Failures: 0, Errors: 0, Skipped: 0, Time elapsed: 0.137 sec - in org.apache.commons.io.output.WriterOutputStreamTest
Running org.apache.commons.io.output.TaggedOutputStreamTest
Tests run: 3, Failures: 1, Errors: 0, Skipped: 0, Time elapsed: 0.16 sec <<< FAILURE! - in org.apache.commons.io.output.TaggedOutputStreamTest
testBrokenStream(org.apache.commons.io.output.TaggedOutputStreamTest)  Time elapsed: 0.134 sec  <<< FAILURE!
junit.framework.AssertionFailedError: expected:<java.io.IOException: test exception> but was:<java.io.IOException: test exception>
	at junit.framework.Assert.fail(Assert.java:57)
	at junit.framework.Assert.failNotEquals(Assert.java:329)
	at junit.framework.Assert.assertEquals(Assert.java:78)
	at junit.framework.Assert.assertEquals(Assert.java:86)
	at junit.framework.TestCase.assertEquals(TestCase.java:253)
	at org.apache.commons.io.output.TaggedOutputStreamTest.__CLR4_2_03ux3xues1(TaggedOutputStreamTest.java:93)
	at org.apache.commons.io.output.TaggedOutputStreamTest.testBrokenStream(TaggedOutputStreamTest.java:50)

Running org.apache.commons.io.output.BrokenOutputStreamTest
Tests run: 4, Failures: 1, Errors: 0, Skipped: 0, Time elapsed: 0.133 sec <<< FAILURE! - in org.apache.commons.io.output.BrokenOutputStreamTest
testClose(org.apache.commons.io.output.BrokenOutputStreamTest)  Time elapsed: 0.109 sec  <<< FAILURE!
junit.framework.AssertionFailedError: expected:<java.io.IOException: test exception> but was:<java.io.IOException: test exception>
	at junit.framework.Assert.fail(Assert.java:57)
	at junit.framework.Assert.failNotEquals(Assert.java:329)
	at junit.framework.Assert.assertEquals(Assert.java:78)
	at junit.framework.Assert.assertEquals(Assert.java:86)
	at junit.framework.TestCase.assertEquals(TestCase.java:253)
	at org.apache.commons.io.output.BrokenOutputStreamTest.__CLR4_2_069vzsje5z(BrokenOutputStreamTest.java:77)
	at org.apache.commons.io.output.BrokenOutputStreamTest.testClose(BrokenOutputStreamTest.java:72)

Running org.apache.commons.io.output.ClosedOutputStreamTest
Tests run: 1, Failures: 0, Errors: 0, Skipped: 0, Time elapsed: 0.113 sec - in org.apache.commons.io.output.ClosedOutputStreamTest
Running org.apache.commons.io.output.ProxyWriterTest
Tests run: 8, Failures: 0, Errors: 0, Skipped: 0, Time elapsed: 0.086 sec - in org.apache.commons.io.output.ProxyWriterTest
Running org.apache.commons.io.output.NullOutputStreamTest
Tests run: 1, Failures: 0, Errors: 0, Skipped: 0, Time elapsed: 0.063 sec - in org.apache.commons.io.output.NullOutputStreamTest
Running org.apache.commons.io.output.StringBuilderWriterTest
Tests run: 12, Failures: 0, Errors: 0, Skipped: 0, Time elapsed: 0.087 sec - in org.apache.commons.io.output.StringBuilderWriterTest
Running org.apache.commons.io.LineIteratorTestCase
Tests run: 16, Failures: 0, Errors: 0, Skipped: 0, Time elapsed: 0.171 sec - in org.apache.commons.io.LineIteratorTestCase
Running org.apache.commons.io.FileUtilsTestCase
Tests run: 134, Failures: 0, Errors: 0, Skipped: 0, Time elapsed: 3.053 sec - in org.apache.commons.io.FileUtilsTestCase
Running org.apache.commons.io.FileUtilsCleanSymlinksTestCase
Tests run: 7, Failures: 0, Errors: 0, Skipped: 0, Time elapsed: 0.234 sec - in org.apache.commons.io.FileUtilsCleanSymlinksTestCase
Running org.apache.commons.io.FileCleaningTrackerTestCase
Tests run: 9, Failures: 0, Errors: 0, Skipped: 0, Time elapsed: 4.256 sec - in org.apache.commons.io.FileCleaningTrackerTestCase
Running org.apache.commons.io.CopyUtilsTest
Tests run: 11, Failures: 0, Errors: 0, Skipped: 0, Time elapsed: 0.107 sec - in org.apache.commons.io.CopyUtilsTest
Running org.apache.commons.io.FileUtilsFileNewerTestCase
Tests run: 5, Failures: 0, Errors: 0, Skipped: 0, Time elapsed: 0.095 sec - in org.apache.commons.io.FileUtilsFileNewerTestCase
Running org.apache.commons.io.TaggedIOExceptionTest
Tests run: 1, Failures: 0, Errors: 0, Skipped: 0, Time elapsed: 0.115 sec - in org.apache.commons.io.TaggedIOExceptionTest
Running org.apache.commons.io.FileUtilsCleanDirectoryTestCase
Tests run: 5, Failures: 0, Errors: 0, Skipped: 0, Time elapsed: 0.232 sec - in org.apache.commons.io.FileUtilsCleanDirectoryTestCase
Running org.apache.commons.io.ByteOrderMarkTestCase
Tests run: 9, Failures: 0, Errors: 0, Skipped: 0, Time elapsed: 0.068 sec - in org.apache.commons.io.ByteOrderMarkTestCase
Running org.apache.commons.io.IOCaseTestCase
Tests run: 17, Failures: 0, Errors: 0, Skipped: 0, Time elapsed: 0.215 sec - in org.apache.commons.io.IOCaseTestCase
Running org.apache.commons.io.IOUtilsWriteTestCase
Tests run: 53, Failures: 0, Errors: 0, Skipped: 0, Time elapsed: 0.213 sec - in org.apache.commons.io.IOUtilsWriteTestCase
Running org.apache.commons.io.CharsetsTestCase
Tests run: 8, Failures: 0, Errors: 0, Skipped: 0, Time elapsed: 0.135 sec - in org.apache.commons.io.CharsetsTestCase
Running org.apache.commons.io.monitor.FileAlterationObserverTestCase
Tests run: 7, Failures: 0, Errors: 0, Skipped: 0, Time elapsed: 14.092 sec - in org.apache.commons.io.monitor.FileAlterationObserverTestCase
Running org.apache.commons.io.monitor.FileAlterationMonitorTestCase
Tests run: 4, Failures: 0, Errors: 0, Skipped: 0, Time elapsed: 0.723 sec - in org.apache.commons.io.monitor.FileAlterationMonitorTestCase
Running org.apache.commons.io.FilenameUtilsWildcardTestCase
Tests run: 7, Failures: 0, Errors: 0, Skipped: 0, Time elapsed: 0.192 sec - in org.apache.commons.io.FilenameUtilsWildcardTestCase

Results :

Failed tests: 
  BrokenInputStreamTest.testClose:89->__CLR4_2_069vzsjc10:94 expected:<java.io.IOException: test exception> but was:<java.io.IOException: test exception>
  TaggedInputStreamTest.testBrokenStream:64->__CLR4_2_03ux3xucuw:107 expected:<java.io.IOException: test exception> but was:<java.io.IOException: test exception>
  BrokenOutputStreamTest.testClose:72->__CLR4_2_069vzsje5z:77 expected:<java.io.IOException: test exception> but was:<java.io.IOException: test exception>
  TaggedOutputStreamTest.testBrokenStream:50->__CLR4_2_03ux3xues1:93 expected:<java.io.IOException: test exception> but was:<java.io.IOException: test exception>



Tests run: 1062, Failures: 4, Errors: 0, Skipped: 3

[INFO] ------------------------------------------------------------------------
[INFO] BUILD FAILURE
[INFO] ------------------------------------------------------------------------
[INFO] Total time: 03:03 min
[INFO] Finished at: 2018-10-02T10:15:07+02:00
[INFO] ------------------------------------------------------------------------
[ERROR] Failed to execute goal org.apache.maven.plugins:maven-surefire-plugin:2.18:test (default-test) on project commons-io: There are test failures.
[ERROR] 
[ERROR] Please refer to /tmp/icst-2019/september-2018/dataset/commons-io/target/surefire-reports for the individual test results.
[ERROR] -> [Help 1]
[ERROR] 
[ERROR] To see the full stack trace of the errors, re-run Maven with the -e switch.
[ERROR] Re-run Maven using the -X switch to enable full debug logging.
[ERROR] 
[ERROR] For more information about the errors and possible solutions, please read the following articles:
[ERROR] [Help 1] http://cwiki.apache.org/confluence/display/MAVEN/MojoFailureException
Writing HTML report to '/tmp/icst-2019/september-2018/dataset/commons-io/target/clover/report'
Done. Processed 8 packages in 22619ms (2827ms per package).
[INFO] /tmp/icst-2019/september-2018/dataset/commons-io/src/main/java/org/apache/commons/io/input/BrokenInputStream.java
[INFO] /tmp/icst-2019/september-2018/dataset/commons-io_parent/src/main/java/org/apache/commons/io/input/BrokenInputStream.java
[info] org.apache.commons.io.input.BrokenInputStream:105 is modified.
[info] org.apache.commons.io.input.BrokenInputStream:105 is modified.
[info] org.apache.commons.io.input.BrokenInputStream:105 is modified.
[info] org.apache.commons.io.input.BrokenInputStream:105 covered.
[INFO] /tmp/icst-2019/september-2018/dataset/commons-io/src/main/java/org/apache/commons/io/output/BrokenOutputStream.java
[INFO] /tmp/icst-2019/september-2018/dataset/commons-io_parent/src/main/java/org/apache/commons/io/output/BrokenOutputStream.java
[info] org.apache.commons.io.output.BrokenOutputStream:82 is modified.
[info] org.apache.commons.io.output.BrokenOutputStream:82 is modified.
[info] org.apache.commons.io.output.BrokenOutputStream:82 is modified.
[info] org.apache.commons.io.output.BrokenOutputStream:82 covered.
[INFO] /tmp/icst-2019/september-2018/dataset/commons-io/src/test/java/org/apache/commons/io/input/BrokenInputStreamTest.java
[INFO] /tmp/icst-2019/september-2018/dataset/commons-io_parent/src/test/java/org/apache/commons/io/input/BrokenInputStreamTest.java
[info] org.apache.commons.io.input.BrokenInputStreamTest:99 is modified.
[info] org.apache.commons.io.input.BrokenInputStreamTest:100 is modified.
[info] org.apache.commons.io.input.BrokenInputStreamTest:102 is modified.
[info] org.apache.commons.io.input.BrokenInputStreamTest:103 is modified.
[info] org.apache.commons.io.input.BrokenInputStreamTest:105 is modified.
[info] org.apache.commons.io.input.BrokenInputStreamTest:106 is modified.
[info] org.apache.commons.io.input.BrokenInputStreamTest:107 is modified.
[INFO] /tmp/icst-2019/september-2018/dataset/commons-io/src/test/java/org/apache/commons/io/output/BrokenOutputStreamTest.java
[INFO] /tmp/icst-2019/september-2018/dataset/commons-io_parent/src/test/java/org/apache/commons/io/output/BrokenOutputStreamTest.java
[info] org.apache.commons.io.output.BrokenOutputStreamTest:82 is modified.
[info] org.apache.commons.io.output.BrokenOutputStreamTest:83 is modified.
[info] org.apache.commons.io.output.BrokenOutputStreamTest:85 is modified.
[info] org.apache.commons.io.output.BrokenOutputStreamTest:86 is modified.
[info] org.apache.commons.io.output.BrokenOutputStreamTest:88 is modified.
[info] org.apache.commons.io.output.BrokenOutputStreamTest:89 is modified.
[info] org.apache.commons.io.output.BrokenOutputStreamTest:90 is modified.
[INFO] Saving result in /tmp/icst-2019/september-2018/result/commons-io/commit_18_ed17234/commit_coverage_testsThatExecuteTheChanges.csv ...
[INFO] org.apache.commons.io.input.BrokenInputStreamTest;testSelfSupressed;testClose
org.apache.commons.io.input.TaggedInputStreamTest;testBrokenStream
org.apache.commons.io.output.BrokenOutputStreamTest;testSelfSupressed;testClose
org.apache.commons.io.output.TaggedOutputStreamTest;testBrokenStream
[INFO] Writing Coverage in /tmp/icst-2019/september-2018/result/commons-io/commit_18_ed17234/commit_coverage_testsThatExecuteTheChanges_coverage.csv
[INFO] org.apache.commons.io.input.BrokenInputStream;1;1

[INFO] org.apache.commons.io.output.BrokenOutputStream;1;1

[INFO] total;2;2

[INFO] ------------------------------------------------------------------------
[INFO] BUILD SUCCESS
[INFO] ------------------------------------------------------------------------
[INFO] Total time: 03:41 min
[INFO] Finished at: 2018-10-02T10:15:38+02:00
[INFO] ------------------------------------------------------------------------
[INFO] 2018-10-02 10:15:38 RepositoriesSetter - {/tmp/icst-2019/september-2018/dataset/commons-io} Cleaning local repository...
[INFO] 2018-10-02 10:15:39 RepositoriesSetter - Checkout 071dbe7c211380bd4bed252c9b7a767279d112bc revision...
[INFO] 2018-10-02 10:15:39 RepositoriesSetter - {/tmp/icst-2019/september-2018/dataset/commons-io_parent} Cleaning local repository...
[INFO] 2018-10-02 10:15:40 RepositoriesSetter - Checkout c0eb48f7e83987c5ed112b82f0d651aff5149ae4 revision...
