[INFO] Scanning for projects...
[INFO] 
[INFO] --------------------------< org.jsoup:jsoup >---------------------------
[INFO] Building jsoup Java HTML Parser 1.11.3-SNAPSHOT
[INFO] --------------------------------[ jar ]---------------------------------
[INFO] 
[INFO] --- maven-clean-plugin:2.5:clean (default-clean) @ jsoup ---
[INFO] Deleting /tmp/icst-2019/september-2018/dataset/jsoup/target
[INFO] 
[INFO] --- diff-test-selection:0.5-SNAPSHOT:list (default-cli) @ jsoup ---
[INFO] Computing coverage for /tmp/icst-2019/september-2018/dataset/jsoup
[WARN] Maven will be executed in interactive mode, but no input stream has been configured for this MavenInvoker instance.
[INFO] Scanning for projects...
[INFO] 
[INFO] --------------------------< org.jsoup:jsoup >---------------------------
[INFO] Building jsoup Java HTML Parser 1.11.3-SNAPSHOT
[INFO] --------------------------------[ jar ]---------------------------------
[INFO] 
[INFO] --- maven-clean-plugin:2.5:clean (default-clean) @ jsoup ---
[INFO] 
[INFO] --- clover-maven-plugin:4.2.0:setup (default-cli) @ jsoup ---
[INFO] No 'maven.clover.licenseLocation' configured. Using default license.
[INFO] OpenClover Version 4.2.0, built on April 30 2017 (build-1000)
[INFO] Loaded from: /home/spirals/danglot/.m2/repository/org/openclover/clover/4.2.0/clover-4.2.0.jar
[INFO] Clover free edition.
[INFO] Creating new database at '/tmp/icst-2019/september-2018/dataset/jsoup/target/clover/clover.db'.
[INFO] Processing files at 1.8 source level.
[INFO] Clover all over. Instrumented 67 files (8 packages).
[INFO] Elapsed time = 2.61 secs. (25.67 files/sec, 6,929.885 srclines/sec)
[INFO] OpenClover Version 4.2.0, built on April 30 2017 (build-1000)
[INFO] Loaded from: /home/spirals/danglot/.m2/repository/org/openclover/clover/4.2.0/clover-4.2.0.jar
[INFO] Clover free edition.
[INFO] Updating existing database at '/tmp/icst-2019/september-2018/dataset/jsoup/target/clover/clover.db'.
[INFO] Processing files at 1.8 source level.
[INFO] Clover all over. Instrumented 45 files (9 packages).
[INFO] 698 test methods detected.
[INFO] Elapsed time = 1.227 secs. (36.675 files/sec, 7,871.231 srclines/sec)
[INFO] 
[INFO] --- maven-resources-plugin:3.0.1:resources (default-resources) @ jsoup ---
[INFO] Using 'UTF-8' encoding to copy filtered resources.
[INFO] Copying 0 resource
[INFO] Copying 3 resources to META-INF/
[INFO] Copying 1 resource
[INFO] 
[INFO] --- maven-compiler-plugin:3.5.1:compile (default-compile) @ jsoup ---
[INFO] Changes detected - recompiling the module!
[INFO] Compiling 67 source files to /tmp/icst-2019/september-2018/dataset/jsoup/target/classes
[INFO] /tmp/icst-2019/september-2018/dataset/jsoup/target/clover/src-instrumented/org/jsoup/nodes/Attributes.java: Some input files use or override a deprecated API.
[INFO] /tmp/icst-2019/september-2018/dataset/jsoup/target/clover/src-instrumented/org/jsoup/nodes/Attributes.java: Recompile with -Xlint:deprecation for details.
[INFO] 
[INFO] --- animal-sniffer-maven-plugin:1.16:check (animal-sniffer) @ jsoup ---
[INFO] Checking unresolved references to net.sf.androidscents.signature:android-api-level-8:2.2_r3
[INFO] 
[INFO] >>> maven-bundle-plugin:2.5.4:manifest (bundle-manifest) > process-classes @ jsoup >>>
[INFO] 
[INFO] --- maven-resources-plugin:3.0.1:resources (default-resources) @ jsoup ---
[INFO] Using 'UTF-8' encoding to copy filtered resources.
[INFO] Copying 0 resource
[INFO] Copying 3 resources to META-INF/
[INFO] Copying 1 resource
[INFO] 
[INFO] --- maven-compiler-plugin:3.5.1:compile (default-compile) @ jsoup ---
[INFO] Changes detected - recompiling the module!
[INFO] Compiling 67 source files to /tmp/icst-2019/september-2018/dataset/jsoup/target/classes
[INFO] /tmp/icst-2019/september-2018/dataset/jsoup/target/clover/src-instrumented/org/jsoup/nodes/Attributes.java: Some input files use or override a deprecated API.
[INFO] /tmp/icst-2019/september-2018/dataset/jsoup/target/clover/src-instrumented/org/jsoup/nodes/Attributes.java: Recompile with -Xlint:deprecation for details.
[INFO] 
[INFO] --- animal-sniffer-maven-plugin:1.16:check (animal-sniffer) @ jsoup ---
[INFO] Checking unresolved references to net.sf.androidscents.signature:android-api-level-8:2.2_r3
[INFO] 
[INFO] <<< maven-bundle-plugin:2.5.4:manifest (bundle-manifest) < process-classes @ jsoup <<<
[INFO] 
[INFO] 
[INFO] --- maven-bundle-plugin:2.5.4:manifest (bundle-manifest) @ jsoup ---
[INFO] 
[INFO] --- maven-resources-plugin:3.0.1:testResources (default-testResources) @ jsoup ---
[INFO] Using 'UTF-8' encoding to copy filtered resources.
[INFO] Copying 23 resources
[INFO] 
[INFO] --- maven-compiler-plugin:3.5.1:testCompile (default-testCompile) @ jsoup ---
[INFO] Changes detected - recompiling the module!
[INFO] Compiling 45 source files to /tmp/icst-2019/september-2018/dataset/jsoup/target/test-classes
[INFO] /tmp/icst-2019/september-2018/dataset/jsoup/target/clover/src-test-instrumented/org/jsoup/parser/AttributeParseTest.java: Some input files use or override a deprecated API.
[INFO] /tmp/icst-2019/september-2018/dataset/jsoup/target/clover/src-test-instrumented/org/jsoup/parser/AttributeParseTest.java: Recompile with -Xlint:deprecation for details.
[INFO] 
[INFO] --- maven-surefire-plugin:2.12.4:test (default-test) @ jsoup ---
[INFO] Surefire report directory: /tmp/icst-2019/september-2018/dataset/jsoup/target/surefire-reports

-------------------------------------------------------
 T E S T S
-------------------------------------------------------
Running org.jsoup.integration.UrlConnectTest
Tests run: 1, Failures: 0, Errors: 0, Skipped: 1, Time elapsed: 0.007 sec
Running org.jsoup.integration.ParseTest
Tests run: 12, Failures: 0, Errors: 0, Skipped: 0, Time elapsed: 1.117 sec
Running org.jsoup.integration.ConnectTest
2018-10-10 15:38:25.808:INFO::main: Logging initialized @1642ms
2018-10-10 15:38:25.871:INFO:oejs.Server:main: jetty-9.2.22.v20170606
2018-10-10 15:38:25.956:INFO:oejs.ServerConnector:main: Started ServerConnector@1e88b3c{HTTP/1.1}{0.0.0.0:38159}
2018-10-10 15:38:25.958:INFO:oejs.Server:main: Started @1792ms
2018-10-10 15:38:27.441:INFO:oejs.ServerConnector:main: Stopped ServerConnector@1e88b3c{HTTP/1.1}{0.0.0.0:0}
Tests run: 25, Failures: 0, Errors: 0, Skipped: 5, Time elapsed: 1.713 sec
Running org.jsoup.helper.HttpConnectionTest
Tests run: 21, Failures: 0, Errors: 0, Skipped: 0, Time elapsed: 0.04 sec
Running org.jsoup.helper.W3CDomTest
Tests run: 5, Failures: 0, Errors: 0, Skipped: 0, Time elapsed: 0.328 sec
Running org.jsoup.helper.StringUtilTest
Tests run: 9, Failures: 0, Errors: 0, Skipped: 0, Time elapsed: 0.012 sec
Running org.jsoup.helper.DataUtilTest
Tests run: 13, Failures: 0, Errors: 0, Skipped: 0, Time elapsed: 0.031 sec
Running org.jsoup.select.QueryParserTest
Tests run: 4, Failures: 0, Errors: 0, Skipped: 0, Time elapsed: 0.004 sec
Running org.jsoup.select.TraversorTest
Tests run: 5, Failures: 0, Errors: 0, Skipped: 0, Time elapsed: 0.011 sec
Running org.jsoup.select.CssTest
Tests run: 17, Failures: 0, Errors: 0, Skipped: 0, Time elapsed: 0.16 sec
Running org.jsoup.select.ElementsTest
Tests run: 34, Failures: 0, Errors: 0, Skipped: 0, Time elapsed: 0.066 sec
Running org.jsoup.select.SelectorTest
Tests run: 62, Failures: 0, Errors: 0, Skipped: 0, Time elapsed: 0.131 sec
Running org.jsoup.nodes.FormElementTest
Tests run: 10, Failures: 0, Errors: 0, Skipped: 0, Time elapsed: 0.016 sec
Running org.jsoup.nodes.AttributeTest
Tests run: 2, Failures: 0, Errors: 0, Skipped: 0, Time elapsed: 0.004 sec
Running org.jsoup.nodes.ElementTest
Tests run: 91, Failures: 0, Errors: 0, Skipped: 0, Time elapsed: 0.158 sec
Running org.jsoup.nodes.AttributesTest
Tests run: 8, Failures: 0, Errors: 0, Skipped: 0, Time elapsed: 0.004 sec
Running org.jsoup.nodes.DocumentTypeTest
Tests run: 5, Failures: 0, Errors: 0, Skipped: 0, Time elapsed: 0.01 sec
Running org.jsoup.nodes.DocumentTest
Tests run: 29, Failures: 0, Errors: 0, Skipped: 1, Time elapsed: 0.223 sec
Running org.jsoup.nodes.TextNodeTest
Tests run: 5, Failures: 0, Errors: 0, Skipped: 0, Time elapsed: 0.005 sec
Running org.jsoup.nodes.EntitiesTest
Tests run: 15, Failures: 0, Errors: 0, Skipped: 0, Time elapsed: 0.012 sec
Running org.jsoup.nodes.NodeTest
Tests run: 25, Failures: 0, Errors: 0, Skipped: 0, Time elapsed: 0.032 sec
Running org.jsoup.safety.CleanerTest
Tests run: 33, Failures: 0, Errors: 0, Skipped: 0, Time elapsed: 0.1 sec
Running org.jsoup.parser.HtmlTreeBuilderTest
Tests run: 1, Failures: 0, Errors: 0, Skipped: 0, Time elapsed: 0.003 sec
Running org.jsoup.parser.TokeniserStateTest
Tests run: 11, Failures: 0, Errors: 0, Skipped: 0, Time elapsed: 0.044 sec
Running org.jsoup.parser.TokenQueueTest
Tests run: 8, Failures: 0, Errors: 0, Skipped: 0, Time elapsed: 0.009 sec
Running org.jsoup.parser.HtmlParserTest
Tests run: 127, Failures: 1, Errors: 0, Skipped: 1, Time elapsed: 3.878 sec <<< FAILURE!
handlesDeepStack(org.jsoup.parser.HtmlParserTest)  Time elapsed: 3.127 sec  <<< FAILURE!
java.lang.AssertionError
	at org.junit.Assert.fail(Assert.java:86)
	at org.junit.Assert.assertTrue(Assert.java:41)
	at org.junit.Assert.assertTrue(Assert.java:52)
	at org.jsoup.parser.HtmlParserTest.__CLR4_2_0gl9t7cb0r(HtmlParserTest.java:994)
	at org.jsoup.parser.HtmlParserTest.handlesDeepStack(HtmlParserTest.java:974)
	at sun.reflect.NativeMethodAccessorImpl.invoke0(Native Method)
	at sun.reflect.NativeMethodAccessorImpl.invoke(NativeMethodAccessorImpl.java:62)
	at sun.reflect.DelegatingMethodAccessorImpl.invoke(DelegatingMethodAccessorImpl.java:43)
	at java.lang.reflect.Method.invoke(Method.java:498)
	at org.junit.runners.model.FrameworkMethod$1.runReflectiveCall(FrameworkMethod.java:50)
	at org.junit.internal.runners.model.ReflectiveCallable.run(ReflectiveCallable.java:12)
	at org.junit.runners.model.FrameworkMethod.invokeExplosively(FrameworkMethod.java:47)
	at org.junit.internal.runners.statements.InvokeMethod.evaluate(InvokeMethod.java:17)
	at org.junit.runners.ParentRunner.runLeaf(ParentRunner.java:325)
	at org.junit.runners.BlockJUnit4ClassRunner.runChild(BlockJUnit4ClassRunner.java:78)
	at org.junit.runners.BlockJUnit4ClassRunner.runChild(BlockJUnit4ClassRunner.java:57)
	at org.junit.runners.ParentRunner$3.run(ParentRunner.java:290)
	at org.junit.runners.ParentRunner$1.schedule(ParentRunner.java:71)
	at org.junit.runners.ParentRunner.runChildren(ParentRunner.java:288)
	at org.junit.runners.ParentRunner.access$000(ParentRunner.java:58)
	at org.junit.runners.ParentRunner$2.evaluate(ParentRunner.java:268)
	at org.junit.runners.ParentRunner.run(ParentRunner.java:363)
	at org.apache.maven.surefire.junit4.JUnit4Provider.execute(JUnit4Provider.java:252)
	at org.apache.maven.surefire.junit4.JUnit4Provider.executeTestSet(JUnit4Provider.java:141)
	at org.apache.maven.surefire.junit4.JUnit4Provider.invoke(JUnit4Provider.java:112)
	at sun.reflect.NativeMethodAccessorImpl.invoke0(Native Method)
	at sun.reflect.NativeMethodAccessorImpl.invoke(NativeMethodAccessorImpl.java:62)
	at sun.reflect.DelegatingMethodAccessorImpl.invoke(DelegatingMethodAccessorImpl.java:43)
	at java.lang.reflect.Method.invoke(Method.java:498)
	at org.apache.maven.surefire.util.ReflectionUtils.invokeMethodWithArray(ReflectionUtils.java:189)
	at org.apache.maven.surefire.booter.ProviderFactory$ProviderProxy.invoke(ProviderFactory.java:165)
	at org.apache.maven.surefire.booter.ProviderFactory.invokeProvider(ProviderFactory.java:85)
	at org.apache.maven.surefire.booter.ForkedBooter.runSuitesInProcess(ForkedBooter.java:115)
	at org.apache.maven.surefire.booter.ForkedBooter.main(ForkedBooter.java:75)

Running org.jsoup.parser.AttributeParseTest
Tests run: 8, Failures: 0, Errors: 0, Skipped: 0, Time elapsed: 0.015 sec
Running org.jsoup.parser.CharacterReaderTest
Tests run: 22, Failures: 0, Errors: 0, Skipped: 1, Time elapsed: 0.023 sec
Running org.jsoup.parser.TagTest
Tests run: 10, Failures: 0, Errors: 0, Skipped: 0, Time elapsed: 0.008 sec
Running org.jsoup.parser.HtmlTreeBuilderStateTest
Tests run: 1, Failures: 0, Errors: 0, Skipped: 0, Time elapsed: 0.002 sec
Running org.jsoup.parser.TokeniserTest
Tests run: 7, Failures: 0, Errors: 0, Skipped: 0, Time elapsed: 0.085 sec
Running org.jsoup.parser.ParserSettingsTest
Tests run: 3, Failures: 0, Errors: 0, Skipped: 0, Time elapsed: 0.004 sec
Running org.jsoup.parser.XmlTreeBuilderTest
Tests run: 20, Failures: 0, Errors: 0, Skipped: 1, Time elapsed: 0.022 sec
Running org.jsoup.internal.ConstrainableInputStreamTest
Tests run: 1, Failures: 0, Errors: 0, Skipped: 1, Time elapsed: 0 sec

Results :

Failed tests:   handlesDeepStack(org.jsoup.parser.HtmlParserTest)

Tests run: 650, Failures: 1, Errors: 0, Skipped: 11

[INFO] ------------------------------------------------------------------------
[INFO] BUILD FAILURE
[INFO] ------------------------------------------------------------------------
[INFO] Total time: 29.140 s
[INFO] Finished at: 2018-10-10T15:38:32+02:00
[INFO] ------------------------------------------------------------------------
[ERROR] Failed to execute goal org.apache.maven.plugins:maven-surefire-plugin:2.12.4:test (default-test) on project jsoup: There are test failures.
[ERROR] 
[ERROR] Please refer to /tmp/icst-2019/september-2018/dataset/jsoup/target/surefire-reports for the individual test results.
[ERROR] -> [Help 1]
[ERROR] 
[ERROR] To see the full stack trace of the errors, re-run Maven with the -e switch.
[ERROR] Re-run Maven using the -X switch to enable full debug logging.
[ERROR] 
[ERROR] For more information about the errors and possible solutions, please read the following articles:
[ERROR] [Help 1] http://cwiki.apache.org/confluence/display/MAVEN/MojoFailureException
Writing HTML report to '/tmp/icst-2019/september-2018/dataset/jsoup/target/clover/report'
Done. Processed 10 packages in 8770ms (877ms per package).
[INFO] /tmp/icst-2019/september-2018/dataset/jsoup/src/main/java/org/jsoup/Connection.java
[INFO] /tmp/icst-2019/september-2018/dataset/jsoup_parent/src/main/java/org/jsoup/Connection.java
[INFO] /tmp/icst-2019/september-2018/dataset/jsoup/src/main/java/org/jsoup/UncheckedIOException.java
[INFO] /tmp/icst-2019/september-2018/dataset/jsoup_parent/src/main/java/org/jsoup/UncheckedIOException.java
[INFO] /tmp/icst-2019/september-2018/dataset/jsoup/src/main/java/org/jsoup/helper/DataUtil.java
[INFO] /tmp/icst-2019/september-2018/dataset/jsoup_parent/src/main/java/org/jsoup/helper/DataUtil.java
[info] org.jsoup.helper.DataUtil:154 is modified.
[info] org.jsoup.helper.DataUtil:156 is modified.
[info] org.jsoup.helper.DataUtil:156 is modified.
[info] org.jsoup.helper.DataUtil:156 covered.
[INFO] /tmp/icst-2019/september-2018/dataset/jsoup/src/test/java/org/jsoup/integration/ConnectTest.java
[INFO] /tmp/icst-2019/september-2018/dataset/jsoup_parent/src/test/java/org/jsoup/integration/ConnectTest.java
[info] org.jsoup.integration.ConnectTest:388 is modified.
[info] org.jsoup.integration.ConnectTest:391 is modified.
[info] org.jsoup.integration.ConnectTest:391 is modified.
[info] org.jsoup.integration.ConnectTest:391 is modified.
[info] org.jsoup.integration.ConnectTest:391 is modified.
[info] org.jsoup.integration.ConnectTest:395 is modified.
[info] org.jsoup.integration.ConnectTest:397 is modified.
[info] org.jsoup.integration.ConnectTest:397 is modified.
[info] org.jsoup.integration.ConnectTest:398 is modified.
[info] org.jsoup.integration.ConnectTest:398 is modified.
[info] org.jsoup.integration.ConnectTest:399 is modified.
[info] org.jsoup.integration.ConnectTest:400 is modified.
[info] org.jsoup.integration.ConnectTest:402 is modified.
[info] org.jsoup.integration.ConnectTest:413 is modified.
[info] org.jsoup.integration.ConnectTest:414 is modified.
[WARNING] Could not match /src/test/java/org/jsoup/integration/servlets/InterruptedServlet.java and -0,0
[INFO] /tmp/icst-2019/september-2018/dataset/jsoup/src/test/java/org/jsoup/parser/CharacterReaderTest.java
[INFO] /tmp/icst-2019/september-2018/dataset/jsoup_parent/src/test/java/org/jsoup/parser/CharacterReaderTest.java
[info] org.jsoup.parser.CharacterReaderTest:16 is modified.
[INFO] Saving result in /tmp/icst-2019/september-2018/result/jsoup/commit_6_2c4e79b/commit_coverage_testsThatExecuteTheChanges.csv ...
[INFO] org.jsoup.integration.ConnectTest;doesGet;doesPost;sendsRequestBody;postFiles;multiCookieSet;doesPut;sendsRequestBodyJsonWithData;handlesEmtpyStreamDuringBufferdRead;sendsRequestBodyWithUrlParams;handlesEmptyStreamDuringParseRead;canConnectToLocalServer;sendsRequestBodyJsonWithoutData;multipleParsesOkAfterBufferUp;parseParseThrowsValidates;supportsDeflate;fetchURl;fetchURIWithWihtespace;bodyAndBytesAvailableBeforeParse;bodyAfterParseThrowsValidationError
org.jsoup.parser.HtmlParserTest;testTemplateInsideTable;testInvalidTableContents
org.jsoup.helper.W3CDomTest;convertsGoogleLocation;convertsGoogle;namespacePreservation
org.jsoup.parser.XmlTreeBuilderTest;testDetectCharsetEncodingDeclaration
org.jsoup.nodes.DocumentTest;testLocation;testShiftJisRoundtrip
org.jsoup.helper.DataUtilTest;firstMetaElementWithCharsetShouldBeUsedForDecoding;supportsBOMinFiles;secondMetaElementWithContentTypeContainsCharsetParameter;discardsSpuriousByteOrderMark;discardsSpuriousByteOrderMarkWhenNoCharsetSet
org.jsoup.integration.ParseTest;testNewsHomepage;testSmhBizArticle;testYahooArticle;testBaiduVariant;testGoogleSearchIpod;testYahooJp;testHtml5Charset;testBaidu;testNytArticle;testBinary
[INFO] Writing Coverage in /tmp/icst-2019/september-2018/result/jsoup/commit_6_2c4e79b/commit_coverage_testsThatExecuteTheChanges_coverage.csv
[INFO] ------------------------------------------------------------------------
[INFO] BUILD FAILURE
[INFO] ------------------------------------------------------------------------
[INFO] Total time: 46.106 s
[INFO] Finished at: 2018-10-10T15:38:45+02:00
[INFO] ------------------------------------------------------------------------
[ERROR] Failed to execute goal eu.stamp-project:diff-test-selection:0.5-SNAPSHOT:list (default-cli) on project jsoup: Execution default-cli of goal eu.stamp-project:diff-test-selection:0.5-SNAPSHOT:list failed.: NullPointerException -> [Help 1]
[ERROR] 
[ERROR] To see the full stack trace of the errors, re-run Maven with the -e switch.
[ERROR] Re-run Maven using the -X switch to enable full debug logging.
[ERROR] 
[ERROR] For more information about the errors and possible solutions, please read the following articles:
[ERROR] [Help 1] http://cwiki.apache.org/confluence/display/MAVEN/PluginExecutionException
2018-10-10 15:38:46,545 INFO icst.experiments.repositories.RepositoriesSetter - {/tmp/icst-2019/september-2018/dataset/jsoup} Cleaning local repository...
2018-10-10 15:38:46,696 INFO icst.experiments.repositories.RepositoriesSetter - Checkout e5210d1f9ef4f1d41ff0a8c4a2ab8e9192d5e087 revision...
2018-10-10 15:38:46,869 INFO icst.experiments.repositories.RepositoriesSetter - {/tmp/icst-2019/september-2018/dataset/jsoup_parent} Cleaning local repository...
2018-10-10 15:38:46,899 INFO icst.experiments.repositories.RepositoriesSetter - Checkout 11e018fe623758986910069a6285b614dd98cc98 revision...
